2026-03-12 07:09:52,501 - Code.Dynamic_War_Manager.Source.Logic.Military_Resources_Assigner - INFO - get_aircraft_for_mission - Aircraft 'F-15E Strike Eagle' / loadout 'Iron Bomb Strike': does not meet mission performance requirements.
2026-03-12 07:09:52,501 - Code.Dynamic_War_Manager.Source.Logic.Military_Resources_Assigner - WARNING - get_aircraft_for_mission - Loadout 'Precision Strike' for model 'A-10A Thunderbolt II' not found in AIRCRAFT_LOADOUTS.
2026-03-12 07:09:52,501 - Code.Dynamic_War_Manager.Source.Logic.Military_Resources_Assigner - INFO - get_aircraft_for_mission - Aircraft 'F-16C Block 52d' / loadout 'Strike': does not meet mission performance requirements.
2026-03-12 07:11:56,272 - Code.Dynamic_War_Manager.Source.Logic.Military_Resources_Assigner - INFO - get_aircraft_for_mission - Aircraft 'F-15E Strike Eagle' / loadout 'Iron Bomb Strike': does not meet mission performance requirements.
2026-03-12 07:11:56,272 - Code.Dynamic_War_Manager.Source.Logic.Military_Resources_Assigner - INFO - get_aircraft_for_mission - Aircraft 'A-10A Thunderbolt II' / loadout 'Ground Pounding': does not meet mission performance requirements.
2026-03-12 07:12:10,607 - Code.Dynamic_War_Manager.Source.Logic.Military_Resources_Assigner - INFO - get_aircraft_for_mission - Aircraft 'F-15E Strike Eagle' / loadout 'Iron Bomb Strike': does not meet mission performance requirements.
2026-03-12 07:12:10,607 - Code.Dynamic_War_Manager.Source.Logic.Military_Resources_Assigner - INFO - get_aircraft_for_mission - Aircraft 'A-10A Thunderbolt II' / loadout 'Ground Pounding': does not meet mission performance requirements.
2026-03-12 07:12:20,376 - Code.Dynamic_War_Manager.Source.Logic.Military_Resources_Assigner - INFO - get_aircraft_for_mission - Aircraft 'F-15E Strike Eagle' / loadout 'Iron Bomb Strike': does not meet mission performance requirements.
2026-03-12 07:12:20,376 - Code.Dynamic_War_Manager.Source.Logic.Military_Resources_Assigner - INFO - get_aircraft_for_mission - Aircraft 'A-10A Thunderbolt II' / loadout 'Ground Pounding': does not meet mission performance requirements.
2026-03-12 07:13:07,929 - Code.Dynamic_War_Manager.Source.Logic.Military_Resources_Assigner - INFO - get_aircraft_for_mission - Aircraft 'F-15E Strike Eagle' / loadout 'Iron Bomb Strike': does not meet mission performance requirements.
2026-03-12 07:13:07,929 - Code.Dynamic_War_Manager.Source.Logic.Military_Resources_Assigner - INFO - get_aircraft_for_mission - Aircraft 'A-10A Thunderbolt II' / loadout 'Ground Pounding': does not meet mission performance requirements.
2026-03-12 07:14:06,588 - Code.Dynamic_War_Manager.Source.Logic.Military_Resources_Assigner - INFO - get_aircraft_for_mission - Aircraft 'F-15E Strike Eagle' / loadout 'Iron Bomb Strike': does not meet mission performance requirements.
2026-03-12 07:14:06,588 - Code.Dynamic_War_Manager.Source.Logic.Military_Resources_Assigner - INFO - get_aircraft_for_mission - Aircraft 'A-10A Thunderbolt II' / loadout 'Ground Pounding': does not meet mission performance requirements.
2026-03-12 10:08:17,125 - Code.Dynamic_War_Manager.Source.Logic.Military_Resources_Assigner - INFO - get_aircraft_for_mission - Aircraft 'F-16C Block 52d' / loadout 'Strike': does not meet usability requirements {'day': False, 'night': True, 'adverse_weather': False}.
2026-03-17 12:32:16,264 - Dynamic_War_Manager.Source.Logic.Air_Resources_Assigner - ERROR - get_aircraft_mission - directive ('INVALID_DIR') unknown. Permitted values: ['performance_high', 'performance', 'balanced', 'economy', 'economy_high']
2026-03-17 12:32:16,285 - Dynamic_War_Manager.Source.Logic.Air_Resources_Assigner - INFO - get_aircraft_mission - Aircraft 'F-15E Strike Eagle' / loadout 'Iron Bomb Strike': does not meet mission performance requirements.
2026-03-17 12:32:16,285 - Dynamic_War_Manager.Source.Logic.Air_Resources_Assigner - INFO - get_aircraft_mission - Aircraft 'A-10C II Thunderbolt II' / loadout 'Maverick/Gun CAS': does not meet mission performance requirements.
2026-03-17 12:32:16,286 - Dynamic_War_Manager.Source.Logic.Air_Resources_Assigner - INFO - get_aircraft_mission - Aircraft 'F-15E Strike Eagle' / loadout 'Iron Bomb Strike': does not meet mission performance requirements.
2026-03-17 12:32:16,286 - Dynamic_War_Manager.Source.Logic.Air_Resources_Assigner - INFO - get_aircraft_mission - Aircraft 'A-10C II Thunderbolt II' / loadout 'Maverick/Gun CAS': does not meet mission performance requirements.
2026-03-17 12:32:16,287 - Dynamic_War_Manager.Source.Logic.Air_Resources_Assigner - WARNING - get_aircraft_mission - Loadout 'NONEXISTENT_LOADOUT' for model 'F-15E Strike Eagle' not found in AIRCRAFT_LOADOUTS.
2026-03-17 12:32:16,287 - Dynamic_War_Manager.Source.Logic.Air_Resources_Assigner - WARNING - get_aircraft_mission - Loadout 'Any Loadout' for model 'UNKNOWN_XYZ' not found in AIRCRAFT_LOADOUTS.
2026-03-17 12:32:16,288 - Dynamic_War_Manager.Source.Logic.Air_Resources_Assigner - INFO - get_aircraft_mission - Aircraft 'F-15E Strike Eagle' / loadout 'Iron Bomb Strike': does not meet usability requirements {'day': True, 'night': True, 'adverse_weather': False}.
2026-03-17 12:32:16,318 - Dynamic_War_Manager.Source.Logic.Air_Resources_Assigner - ERROR - get_aircraft_mission - Aircraft 'MiG-27K' / loadout 'Precision Ground Attack': still exceeds max_missions (3 > 2) after target reduction.
2026-03-17 12:32:16,325 - Dynamic_War_Manager.Source.Logic.Air_Resources_Assigner - ERROR - get_aircraft_mission - Aircraft 'MiG-27K' / loadout 'Precision Ground Attack': still exceeds max_missions (3 > 2) after target reduction.
2026-03-17 12:32:16,330 - Dynamic_War_Manager.Source.Logic.Air_Resources_Assigner - ERROR - get_aircraft_mission - Aircraft 'MiG-27K' / loadout 'Precision Ground Attack': still exceeds max_missions (3 > 2) after target reduction.
2026-03-17 12:32:16,362 - Dynamic_War_Manager.Source.Logic.Air_Resources_Assigner - ERROR - get_aircraft_mission - Aircraft 'MiG-27K' / loadout 'Precision Ground Attack': still exceeds max_missions (3 > 2) after target reduction.
2026-03-17 12:32:16,366 - Dynamic_War_Manager.Source.Logic.Air_Resources_Assigner - ERROR - get_aircraft_mission - Aircraft 'MiG-27K' / loadout 'Precision Ground Attack': still exceeds max_missions (3 > 2) after target reduction.
2026-03-17 12:32:16,370 - Dynamic_War_Manager.Source.Logic.Air_Resources_Assigner - ERROR - get_aircraft_mission - Aircraft 'MiG-27K' / loadout 'Precision Ground Attack': still exceeds max_missions (3 > 2) after target reduction.
2026-03-17 12:32:16,406 - Dynamic_War_Manager.Source.Logic.Air_Resources_Assigner - ERROR - get_aircraft_mission - Aircraft 'MiG-27K' / loadout 'Precision Ground Attack': still exceeds max_missions (3 > 2) after target reduction.
2026-03-17 12:32:16,410 - Dynamic_War_Manager.Source.Logic.Air_Resources_Assigner - ERROR - get_aircraft_mission - Aircraft 'MiG-27K' / loadout 'Precision Ground Attack': still exceeds max_missions (3 > 2) after target reduction.
2026-03-17 12:32:16,413 - Dynamic_War_Manager.Source.Logic.Air_Resources_Assigner - ERROR - get_aircraft_mission - Aircraft 'MiG-27K' / loadout 'Precision Ground Attack': still exceeds max_missions (3 > 2) after target reduction.
2026-03-17 12:32:16,444 - Dynamic_War_Manager.Source.Logic.Air_Resources_Assigner - ERROR - get_aircraft_mission - Aircraft 'MiG-27K' / loadout 'Precision Ground Attack': still exceeds max_missions (3 > 2) after target reduction.
2026-03-17 12:32:16,448 - Dynamic_War_Manager.Source.Logic.Air_Resources_Assigner - ERROR - get_aircraft_mission - Aircraft 'MiG-27K' / loadout 'Precision Ground Attack': still exceeds max_missions (3 > 2) after target reduction.
2026-03-17 12:32:16,452 - Dynamic_War_Manager.Source.Logic.Air_Resources_Assigner - ERROR - get_aircraft_mission - Aircraft 'MiG-27K' / loadout 'Precision Ground Attack': still exceeds max_missions (3 > 2) after target reduction.
2026-03-17 12:32:16,483 - Dynamic_War_Manager.Source.Logic.Air_Resources_Assigner - ERROR - get_aircraft_mission - Aircraft 'MiG-27K' / loadout 'Precision Ground Attack': still exceeds max_missions (3 > 2) after target reduction.
2026-03-17 12:32:16,553 - Dynamic_War_Manager.Source.Logic.Air_Resources_Assigner - ERROR - get_aircraft_mission - Aircraft 'MiG-27K' / loadout 'Precision Ground Attack': still exceeds max_missions (3 > 2) after target reduction.
2026-03-17 12:32:16,557 - Dynamic_War_Manager.Source.Logic.Air_Resources_Assigner - ERROR - get_aircraft_mission - Aircraft 'MiG-27K' / loadout 'Precision Ground Attack': still exceeds max_missions (3 > 2) after target reduction.
2026-03-17 12:32:16,587 - Dynamic_War_Manager.Source.Logic.Air_Resources_Assigner - ERROR - get_aircraft_mission - Aircraft 'MiG-27K' / loadout 'Precision Ground Attack': still exceeds max_missions (3 > 2) after target reduction.
2026-03-17 12:32:16,591 - Dynamic_War_Manager.Source.Logic.Air_Resources_Assigner - ERROR - get_aircraft_mission - Aircraft 'MiG-27K' / loadout 'Precision Ground Attack': still exceeds max_missions (3 > 2) after target reduction.
2026-03-17 12:32:16,596 - Dynamic_War_Manager.Source.Logic.Air_Resources_Assigner - ERROR - get_aircraft_mission - Aircraft 'MiG-27K' / loadout 'Precision Ground Attack': still exceeds max_missions (3 > 2) after target reduction.
2026-03-17 12:32:16,600 - Dynamic_War_Manager.Source.Logic.Air_Resources_Assigner - ERROR - get_aircraft_mission - Aircraft 'MiG-27K' / loadout 'Precision Ground Attack': still exceeds max_missions (3 > 2) after target reduction.
2026-03-17 12:32:16,604 - Dynamic_War_Manager.Source.Logic.Air_Resources_Assigner - ERROR - get_aircraft_mission - Aircraft 'MiG-27K' / loadout 'Precision Ground Attack': still exceeds max_missions (3 > 2) after target reduction.
2026-03-17 12:32:16,633 - Dynamic_War_Manager.Source.Logic.Air_Resources_Assigner - ERROR - get_aircraft_mission - Aircraft 'MiG-27K' / loadout 'Precision Ground Attack': still exceeds max_missions (3 > 2) after target reduction.
2026-03-17 12:32:16,636 - Dynamic_War_Manager.Source.Logic.Air_Resources_Assigner - ERROR - get_aircraft_mission - Aircraft 'MiG-27K' / loadout 'Precision Ground Attack': still exceeds max_missions (3 > 2) after target reduction.
2026-03-17 12:32:16,640 - Dynamic_War_Manager.Source.Logic.Air_Resources_Assigner - ERROR - get_aircraft_mission - Aircraft 'MiG-27K' / loadout 'Precision Ground Attack': still exceeds max_missions (3 > 2) after target reduction.
2026-03-17 12:32:16,669 - Dynamic_War_Manager.Source.Logic.Air_Resources_Assigner - ERROR - get_aircraft_mission - Aircraft 'MiG-27K' / loadout 'CAS Rocket Attack': still exceeds max_missions (4 > 2) after target reduction.
2026-03-17 12:32:16,674 - Dynamic_War_Manager.Source.Logic.Air_Resources_Assigner - ERROR - get_aircraft_mission - Aircraft 'MiG-27K' / loadout 'CAS Rocket Attack': still exceeds max_missions (4 > 2) after target reduction.
2026-03-17 12:32:16,679 - Dynamic_War_Manager.Source.Logic.Air_Resources_Assigner - ERROR - get_aircraft_mission - Aircraft 'MiG-27K' / loadout 'CAS Rocket Attack': still exceeds max_missions (4 > 2) after target reduction.
2026-03-17 12:32:16,684 - Dynamic_War_Manager.Source.Logic.Air_Resources_Assigner - ERROR - get_aircraft_mission - Aircraft 'MiG-27K' / loadout 'CAS Rocket Attack': still exceeds max_missions (5 > 4) after target reduction.
2026-03-17 12:32:16,688 - Dynamic_War_Manager.Source.Logic.Air_Resources_Assigner - ERROR - get_aircraft_mission - Aircraft 'MiG-27K' / loadout 'CAS Rocket Attack': still exceeds max_missions (5 > 4) after target reduction.
2026-03-17 12:32:16,692 - Dynamic_War_Manager.Source.Logic.Air_Resources_Assigner - ERROR - get_aircraft_mission - Aircraft 'MiG-27K' / loadout 'CAS Rocket Attack': still exceeds max_missions (5 > 4) after target reduction.
2026-03-17 12:32:16,696 - Dynamic_War_Manager.Source.Logic.Air_Resources_Assigner - ERROR - get_aircraft_mission - Aircraft 'MiG-27K' / loadout 'CAS Rocket Attack': still exceeds max_missions (3 > 2) after target reduction.
2026-03-17 12:32:16,700 - Dynamic_War_Manager.Source.Logic.Air_Resources_Assigner - ERROR - get_aircraft_mission - Aircraft 'MiG-27K' / loadout 'CAS Rocket Attack': still exceeds max_missions (3 > 2) after target reduction.
2026-03-17 12:32:16,705 - Dynamic_War_Manager.Source.Logic.Air_Resources_Assigner - ERROR - get_aircraft_mission - Aircraft 'MiG-27K' / loadout 'CAS Rocket Attack': still exceeds max_missions (3 > 2) after target reduction.
2026-03-17 12:32:16,723 - Dynamic_War_Manager.Source.Logic.Air_Resources_Assigner - ERROR - get_aircraft_mission - Aircraft 'MiG-27K' / loadout 'CAS Rocket Attack': still exceeds max_missions (4 > 2) after target reduction.
2026-03-17 12:32:16,728 - Dynamic_War_Manager.Source.Logic.Air_Resources_Assigner - ERROR - get_aircraft_mission - Aircraft 'MiG-27K' / loadout 'CAS Rocket Attack': still exceeds max_missions (4 > 2) after target reduction.
2026-03-17 12:32:16,733 - Dynamic_War_Manager.Source.Logic.Air_Resources_Assigner - ERROR - get_aircraft_mission - Aircraft 'MiG-27K' / loadout 'CAS Rocket Attack': still exceeds max_missions (4 > 2) after target reduction.
2026-03-17 12:32:16,739 - Dynamic_War_Manager.Source.Logic.Air_Resources_Assigner - ERROR - get_aircraft_mission - Aircraft 'MiG-27K' / loadout 'CAS Rocket Attack': still exceeds max_missions (5 > 4) after target reduction.
2026-03-17 12:32:16,742 - Dynamic_War_Manager.Source.Logic.Air_Resources_Assigner - ERROR - get_aircraft_mission - Aircraft 'MiG-27K' / loadout 'CAS Rocket Attack': still exceeds max_missions (5 > 4) after target reduction.
2026-03-17 12:32:16,747 - Dynamic_War_Manager.Source.Logic.Air_Resources_Assigner - ERROR - get_aircraft_mission - Aircraft 'MiG-27K' / loadout 'CAS Rocket Attack': still exceeds max_missions (5 > 4) after target reduction.
2026-03-17 12:32:16,751 - Dynamic_War_Manager.Source.Logic.Air_Resources_Assigner - ERROR - get_aircraft_mission - Aircraft 'MiG-27K' / loadout 'CAS Rocket Attack': still exceeds max_missions (3 > 2) after target reduction.
2026-03-17 12:32:16,755 - Dynamic_War_Manager.Source.Logic.Air_Resources_Assigner - ERROR - get_aircraft_mission - Aircraft 'MiG-27K' / loadout 'CAS Rocket Attack': still exceeds max_missions (3 > 2) after target reduction.
2026-03-17 12:32:16,760 - Dynamic_War_Manager.Source.Logic.Air_Resources_Assigner - ERROR - get_aircraft_mission - Aircraft 'MiG-27K' / loadout 'CAS Rocket Attack': still exceeds max_missions (3 > 2) after target reduction.
2026-03-17 12:32:16,825 - Dynamic_War_Manager.Source.Logic.Air_Resources_Assigner - ERROR - get_aircraft_mission - Aircraft 'MiG-27K' / loadout 'CAS Rocket Attack': still exceeds max_missions (4 > 2) after target reduction.
2026-03-17 12:32:16,830 - Dynamic_War_Manager.Source.Logic.Air_Resources_Assigner - ERROR - get_aircraft_mission - Aircraft 'MiG-27K' / loadout 'CAS Rocket Attack': still exceeds max_missions (4 > 2) after target reduction.
2026-03-17 12:32:16,836 - Dynamic_War_Manager.Source.Logic.Air_Resources_Assigner - ERROR - get_aircraft_mission - Aircraft 'MiG-27K' / loadout 'CAS Rocket Attack': still exceeds max_missions (4 > 2) after target reduction.
2026-03-17 12:32:16,841 - Dynamic_War_Manager.Source.Logic.Air_Resources_Assigner - ERROR - get_aircraft_mission - Aircraft 'MiG-27K' / loadout 'CAS Rocket Attack': still exceeds max_missions (5 > 4) after target reduction.
2026-03-17 12:32:16,845 - Dynamic_War_Manager.Source.Logic.Air_Resources_Assigner - ERROR - get_aircraft_mission - Aircraft 'MiG-27K' / loadout 'CAS Rocket Attack': still exceeds max_missions (5 > 4) after target reduction.
2026-03-17 12:32:16,849 - Dynamic_War_Manager.Source.Logic.Air_Resources_Assigner - ERROR - get_aircraft_mission - Aircraft 'MiG-27K' / loadout 'CAS Rocket Attack': still exceeds max_missions (5 > 4) after target reduction.
2026-03-17 12:32:16,853 - Dynamic_War_Manager.Source.Logic.Air_Resources_Assigner - ERROR - get_aircraft_mission - Aircraft 'MiG-27K' / loadout 'CAS Rocket Attack': still exceeds max_missions (3 > 2) after target reduction.
2026-03-17 12:32:16,857 - Dynamic_War_Manager.Source.Logic.Air_Resources_Assigner - ERROR - get_aircraft_mission - Aircraft 'MiG-27K' / loadout 'CAS Rocket Attack': still exceeds max_missions (3 > 2) after target reduction.
2026-03-17 12:32:16,862 - Dynamic_War_Manager.Source.Logic.Air_Resources_Assigner - ERROR - get_aircraft_mission - Aircraft 'MiG-27K' / loadout 'CAS Rocket Attack': still exceeds max_missions (3 > 2) after target reduction.
2026-03-17 12:32:16,879 - Dynamic_War_Manager.Source.Logic.Air_Resources_Assigner - ERROR - get_aircraft_mission - Aircraft 'MiG-27K' / loadout 'CAS Rocket Attack': still exceeds max_missions (4 > 2) after target reduction.
2026-03-17 12:32:16,885 - Dynamic_War_Manager.Source.Logic.Air_Resources_Assigner - ERROR - get_aircraft_mission - Aircraft 'MiG-27K' / loadout 'CAS Rocket Attack': still exceeds max_missions (4 > 2) after target reduction.
2026-03-17 12:32:16,890 - Dynamic_War_Manager.Source.Logic.Air_Resources_Assigner - ERROR - get_aircraft_mission - Aircraft 'MiG-27K' / loadout 'CAS Rocket Attack': still exceeds max_missions (4 > 2) after target reduction.
2026-03-17 12:32:16,895 - Dynamic_War_Manager.Source.Logic.Air_Resources_Assigner - ERROR - get_aircraft_mission - Aircraft 'MiG-27K' / loadout 'CAS Rocket Attack': still exceeds max_missions (5 > 4) after target reduction.
2026-03-17 12:32:16,899 - Dynamic_War_Manager.Source.Logic.Air_Resources_Assigner - ERROR - get_aircraft_mission - Aircraft 'MiG-27K' / loadout 'CAS Rocket Attack': still exceeds max_missions (5 > 4) after target reduction.
2026-03-17 12:32:16,904 - Dynamic_War_Manager.Source.Logic.Air_Resources_Assigner - ERROR - get_aircraft_mission - Aircraft 'MiG-27K' / loadout 'CAS Rocket Attack': still exceeds max_missions (5 > 4) after target reduction.
2026-03-17 12:32:16,908 - Dynamic_War_Manager.Source.Logic.Air_Resources_Assigner - ERROR - get_aircraft_mission - Aircraft 'MiG-27K' / loadout 'CAS Rocket Attack': still exceeds max_missions (3 > 2) after target reduction.
2026-03-17 12:32:16,912 - Dynamic_War_Manager.Source.Logic.Air_Resources_Assigner - ERROR - get_aircraft_mission - Aircraft 'MiG-27K' / loadout 'CAS Rocket Attack': still exceeds max_missions (3 > 2) after target reduction.
2026-03-17 12:32:16,917 - Dynamic_War_Manager.Source.Logic.Air_Resources_Assigner - ERROR - get_aircraft_mission - Aircraft 'MiG-27K' / loadout 'CAS Rocket Attack': still exceeds max_missions (3 > 2) after target reduction.
2026-03-17 12:32:16,936 - Dynamic_War_Manager.Source.Logic.Air_Resources_Assigner - ERROR - get_aircraft_mission - Aircraft 'MiG-27K' / loadout 'CAS Rocket Attack': still exceeds max_missions (4 > 2) after target reduction.
2026-03-17 12:32:16,941 - Dynamic_War_Manager.Source.Logic.Air_Resources_Assigner - ERROR - get_aircraft_mission - Aircraft 'MiG-27K' / loadout 'CAS Rocket Attack': still exceeds max_missions (4 > 2) after target reduction.
2026-03-17 12:32:16,946 - Dynamic_War_Manager.Source.Logic.Air_Resources_Assigner - ERROR - get_aircraft_mission - Aircraft 'MiG-27K' / loadout 'CAS Rocket Attack': still exceeds max_missions (4 > 2) after target reduction.
2026-03-17 12:32:16,951 - Dynamic_War_Manager.Source.Logic.Air_Resources_Assigner - ERROR - get_aircraft_mission - Aircraft 'MiG-27K' / loadout 'CAS Rocket Attack': still exceeds max_missions (5 > 4) after target reduction.
2026-03-17 12:32:16,957 - Dynamic_War_Manager.Source.Logic.Air_Resources_Assigner - ERROR - get_aircraft_mission - Aircraft 'MiG-27K' / loadout 'CAS Rocket Attack': still exceeds max_missions (5 > 4) after target reduction.
2026-03-17 12:32:16,962 - Dynamic_War_Manager.Source.Logic.Air_Resources_Assigner - ERROR - get_aircraft_mission - Aircraft 'MiG-27K' / loadout 'CAS Rocket Attack': still exceeds max_missions (5 > 4) after target reduction.
2026-03-17 12:32:16,966 - Dynamic_War_Manager.Source.Logic.Air_Resources_Assigner - ERROR - get_aircraft_mission - Aircraft 'MiG-27K' / loadout 'CAS Rocket Attack': still exceeds max_missions (3 > 2) after target reduction.
2026-03-17 12:32:16,971 - Dynamic_War_Manager.Source.Logic.Air_Resources_Assigner - ERROR - get_aircraft_mission - Aircraft 'MiG-27K' / loadout 'CAS Rocket Attack': still exceeds max_missions (3 > 2) after target reduction.
2026-03-17 12:32:16,975 - Dynamic_War_Manager.Source.Logic.Air_Resources_Assigner - ERROR - get_aircraft_mission - Aircraft 'MiG-27K' / loadout 'CAS Rocket Attack': still exceeds max_missions (3 > 2) after target reduction.
2026-03-17 12:32:16,993 - Dynamic_War_Manager.Source.Logic.Air_Resources_Assigner - ERROR - get_aircraft_mission - Aircraft 'MiG-27K' / loadout 'CAS Rocket Attack': still exceeds max_missions (4 > 2) after target reduction.
2026-03-17 12:32:16,998 - Dynamic_War_Manager.Source.Logic.Air_Resources_Assigner - ERROR - get_aircraft_mission - Aircraft 'MiG-27K' / loadout 'CAS Rocket Attack': still exceeds max_missions (4 > 2) after target reduction.
2026-03-17 12:32:17,061 - Dynamic_War_Manager.Source.Logic.Air_Resources_Assigner - ERROR - get_aircraft_mission - Aircraft 'MiG-27K' / loadout 'CAS Rocket Attack': still exceeds max_missions (4 > 2) after target reduction.
2026-03-17 12:32:17,066 - Dynamic_War_Manager.Source.Logic.Air_Resources_Assigner - ERROR - get_aircraft_mission - Aircraft 'MiG-27K' / loadout 'CAS Rocket Attack': still exceeds max_missions (4 > 2) after target reduction.
2026-03-17 12:32:17,072 - Dynamic_War_Manager.Source.Logic.Air_Resources_Assigner - ERROR - get_aircraft_mission - Aircraft 'MiG-27K' / loadout 'CAS Rocket Attack': still exceeds max_missions (4 > 2) after target reduction.
2026-03-17 12:32:17,077 - Dynamic_War_Manager.Source.Logic.Air_Resources_Assigner - ERROR - get_aircraft_mission - Aircraft 'MiG-27K' / loadout 'CAS Rocket Attack': still exceeds max_missions (5 > 4) after target reduction.
2026-03-17 12:32:17,081 - Dynamic_War_Manager.Source.Logic.Air_Resources_Assigner - ERROR - get_aircraft_mission - Aircraft 'MiG-27K' / loadout 'CAS Rocket Attack': still exceeds max_missions (5 > 4) after target reduction.
2026-03-17 12:32:17,085 - Dynamic_War_Manager.Source.Logic.Air_Resources_Assigner - ERROR - get_aircraft_mission - Aircraft 'MiG-27K' / loadout 'CAS Rocket Attack': still exceeds max_missions (5 > 4) after target reduction.
2026-03-17 12:32:17,090 - Dynamic_War_Manager.Source.Logic.Air_Resources_Assigner - ERROR - get_aircraft_mission - Aircraft 'MiG-27K' / loadout 'CAS Rocket Attack': still exceeds max_missions (3 > 2) after target reduction.
2026-03-17 12:32:17,094 - Dynamic_War_Manager.Source.Logic.Air_Resources_Assigner - ERROR - get_aircraft_mission - Aircraft 'MiG-27K' / loadout 'CAS Rocket Attack': still exceeds max_missions (3 > 2) after target reduction.
2026-03-17 12:32:17,098 - Dynamic_War_Manager.Source.Logic.Air_Resources_Assigner - ERROR - get_aircraft_mission - Aircraft 'MiG-27K' / loadout 'CAS Rocket Attack': still exceeds max_missions (3 > 2) after target reduction.
2026-03-17 12:32:17,115 - Dynamic_War_Manager.Source.Logic.Air_Resources_Assigner - ERROR - get_aircraft_mission - Aircraft 'MiG-27K' / loadout 'CAS Rocket Attack': still exceeds max_missions (4 > 2) after target reduction.
2026-03-17 12:32:17,121 - Dynamic_War_Manager.Source.Logic.Air_Resources_Assigner - ERROR - get_aircraft_mission - Aircraft 'MiG-27K' / loadout 'CAS Rocket Attack': still exceeds max_missions (4 > 2) after target reduction.
2026-03-17 12:32:17,126 - Dynamic_War_Manager.Source.Logic.Air_Resources_Assigner - ERROR - get_aircraft_mission - Aircraft 'MiG-27K' / loadout 'CAS Rocket Attack': still exceeds max_missions (4 > 2) after target reduction.
2026-03-17 12:32:17,131 - Dynamic_War_Manager.Source.Logic.Air_Resources_Assigner - ERROR - get_aircraft_mission - Aircraft 'MiG-27K' / loadout 'CAS Rocket Attack': still exceeds max_missions (5 > 4) after target reduction.
2026-03-17 12:32:17,135 - Dynamic_War_Manager.Source.Logic.Air_Resources_Assigner - ERROR - get_aircraft_mission - Aircraft 'MiG-27K' / loadout 'CAS Rocket Attack': still exceeds max_missions (5 > 4) after target reduction.
2026-03-17 12:32:17,139 - Dynamic_War_Manager.Source.Logic.Air_Resources_Assigner - ERROR - get_aircraft_mission - Aircraft 'MiG-27K' / loadout 'CAS Rocket Attack': still exceeds max_missions (5 > 4) after target reduction.
2026-03-17 12:32:17,143 - Dynamic_War_Manager.Source.Logic.Air_Resources_Assigner - ERROR - get_aircraft_mission - Aircraft 'MiG-27K' / loadout 'CAS Rocket Attack': still exceeds max_missions (3 > 2) after target reduction.
2026-03-17 12:32:17,147 - Dynamic_War_Manager.Source.Logic.Air_Resources_Assigner - ERROR - get_aircraft_mission - Aircraft 'MiG-27K' / loadout 'CAS Rocket Attack': still exceeds max_missions (3 > 2) after target reduction.
2026-03-17 12:32:17,151 - Dynamic_War_Manager.Source.Logic.Air_Resources_Assigner - ERROR - get_aircraft_mission - Aircraft 'MiG-27K' / loadout 'CAS Rocket Attack': still exceeds max_missions (3 > 2) after target reduction.
2026-03-17 12:32:17,167 - Dynamic_War_Manager.Source.Logic.Air_Resources_Assigner - ERROR - get_aircraft_mission - Aircraft 'F-16CM Block 50' / loadout 'SEAD/DEAD': still exceeds max_missions (3 > 2) after target reduction.
2026-03-17 12:32:17,169 - Dynamic_War_Manager.Source.Logic.Air_Resources_Assigner - ERROR - get_aircraft_mission - Aircraft 'F/A-18C Lot 20' / loadout 'SEAD': still exceeds max_missions (3 > 2) after target reduction.
2026-03-17 12:32:17,170 - Dynamic_War_Manager.Source.Logic.Air_Resources_Assigner - ERROR - get_aircraft_mission - Aircraft 'Su-25TM' / loadout 'SEAD/Anti-Radar': still exceeds max_missions (3 > 2) after target reduction.
2026-03-17 12:32:17,171 - Dynamic_War_Manager.Source.Logic.Air_Resources_Assigner - ERROR - get_aircraft_mission - Aircraft 'F-16CM Block 50' / loadout 'SEAD/DEAD': still exceeds max_missions (3 > 2) after target reduction.
2026-03-17 12:32:17,173 - Dynamic_War_Manager.Source.Logic.Air_Resources_Assigner - ERROR - get_aircraft_mission - Aircraft 'F/A-18C Lot 20' / loadout 'SEAD': still exceeds max_missions (3 > 2) after target reduction.
2026-03-17 12:32:17,174 - Dynamic_War_Manager.Source.Logic.Air_Resources_Assigner - ERROR - get_aircraft_mission - Aircraft 'Su-25TM' / loadout 'SEAD/Anti-Radar': still exceeds max_missions (3 > 2) after target reduction.
2026-03-17 12:32:17,175 - Dynamic_War_Manager.Source.Logic.Air_Resources_Assigner - ERROR - get_aircraft_mission - Aircraft 'F-16CM Block 50' / loadout 'SEAD/DEAD': still exceeds max_missions (3 > 2) after target reduction.
2026-03-17 12:32:17,177 - Dynamic_War_Manager.Source.Logic.Air_Resources_Assigner - ERROR - get_aircraft_mission - Aircraft 'F/A-18C Lot 20' / loadout 'SEAD': still exceeds max_missions (3 > 2) after target reduction.
2026-03-17 12:32:17,179 - Dynamic_War_Manager.Source.Logic.Air_Resources_Assigner - ERROR - get_aircraft_mission - Aircraft 'Su-25TM' / loadout 'SEAD/Anti-Radar': still exceeds max_missions (3 > 2) after target reduction.
2026-03-17 12:32:17,180 - Dynamic_War_Manager.Source.Logic.Air_Resources_Assigner - ERROR - get_aircraft_mission - Aircraft 'F-16CM Block 50' / loadout 'SEAD/DEAD': still exceeds max_missions (5 > 4) after target reduction.
2026-03-17 12:32:17,181 - Dynamic_War_Manager.Source.Logic.Air_Resources_Assigner - ERROR - get_aircraft_mission - Aircraft 'F/A-18C Lot 20' / loadout 'SEAD': still exceeds max_missions (5 > 4) after target reduction.
2026-03-17 12:32:17,183 - Dynamic_War_Manager.Source.Logic.Air_Resources_Assigner - ERROR - get_aircraft_mission - Aircraft 'F-16CM Block 50' / loadout 'SEAD/DEAD': still exceeds max_missions (5 > 4) after target reduction.
2026-03-17 12:32:17,185 - Dynamic_War_Manager.Source.Logic.Air_Resources_Assigner - ERROR - get_aircraft_mission - Aircraft 'F/A-18C Lot 20' / loadout 'SEAD': still exceeds max_missions (5 > 4) after target reduction.
2026-03-17 12:32:17,186 - Dynamic_War_Manager.Source.Logic.Air_Resources_Assigner - ERROR - get_aircraft_mission - Aircraft 'F-16CM Block 50' / loadout 'SEAD/DEAD': still exceeds max_missions (5 > 4) after target reduction.
2026-03-17 12:32:17,188 - Dynamic_War_Manager.Source.Logic.Air_Resources_Assigner - ERROR - get_aircraft_mission - Aircraft 'F/A-18C Lot 20' / loadout 'SEAD': still exceeds max_missions (5 > 4) after target reduction.
2026-03-17 12:32:17,210 - Dynamic_War_Manager.Source.Logic.Air_Resources_Assigner - ERROR - get_aircraft_mission - Aircraft 'F-16CM Block 50' / loadout 'SEAD/DEAD': still exceeds max_missions (3 > 2) after target reduction.
2026-03-17 12:32:17,212 - Dynamic_War_Manager.Source.Logic.Air_Resources_Assigner - ERROR - get_aircraft_mission - Aircraft 'F/A-18C Lot 20' / loadout 'SEAD': still exceeds max_missions (3 > 2) after target reduction.
2026-03-17 12:32:17,213 - Dynamic_War_Manager.Source.Logic.Air_Resources_Assigner - ERROR - get_aircraft_mission - Aircraft 'Su-25TM' / loadout 'SEAD/Anti-Radar': still exceeds max_missions (3 > 2) after target reduction.
2026-03-17 12:32:17,215 - Dynamic_War_Manager.Source.Logic.Air_Resources_Assigner - ERROR - get_aircraft_mission - Aircraft 'F-16CM Block 50' / loadout 'SEAD/DEAD': still exceeds max_missions (3 > 2) after target reduction.
2026-03-17 12:32:17,217 - Dynamic_War_Manager.Source.Logic.Air_Resources_Assigner - ERROR - get_aircraft_mission - Aircraft 'F/A-18C Lot 20' / loadout 'SEAD': still exceeds max_missions (3 > 2) after target reduction.
2026-03-17 12:32:17,217 - Dynamic_War_Manager.Source.Logic.Air_Resources_Assigner - ERROR - get_aircraft_mission - Aircraft 'Su-25TM' / loadout 'SEAD/Anti-Radar': still exceeds max_missions (3 > 2) after target reduction.
2026-03-17 12:32:17,218 - Dynamic_War_Manager.Source.Logic.Air_Resources_Assigner - ERROR - get_aircraft_mission - Aircraft 'F-16CM Block 50' / loadout 'SEAD/DEAD': still exceeds max_missions (3 > 2) after target reduction.
2026-03-17 12:32:17,220 - Dynamic_War_Manager.Source.Logic.Air_Resources_Assigner - ERROR - get_aircraft_mission - Aircraft 'F/A-18C Lot 20' / loadout 'SEAD': still exceeds max_missions (3 > 2) after target reduction.
2026-03-17 12:32:17,221 - Dynamic_War_Manager.Source.Logic.Air_Resources_Assigner - ERROR - get_aircraft_mission - Aircraft 'Su-25TM' / loadout 'SEAD/Anti-Radar': still exceeds max_missions (3 > 2) after target reduction.
2026-03-17 12:32:17,222 - Dynamic_War_Manager.Source.Logic.Air_Resources_Assigner - ERROR - get_aircraft_mission - Aircraft 'F-16CM Block 50' / loadout 'SEAD/DEAD': still exceeds max_missions (5 > 4) after target reduction.
2026-03-17 12:32:17,224 - Dynamic_War_Manager.Source.Logic.Air_Resources_Assigner - ERROR - get_aircraft_mission - Aircraft 'F/A-18C Lot 20' / loadout 'SEAD': still exceeds max_missions (5 > 4) after target reduction.
2026-03-17 12:32:17,226 - Dynamic_War_Manager.Source.Logic.Air_Resources_Assigner - ERROR - get_aircraft_mission - Aircraft 'F-16CM Block 50' / loadout 'SEAD/DEAD': still exceeds max_missions (5 > 4) after target reduction.
2026-03-17 12:32:17,228 - Dynamic_War_Manager.Source.Logic.Air_Resources_Assigner - ERROR - get_aircraft_mission - Aircraft 'F/A-18C Lot 20' / loadout 'SEAD': still exceeds max_missions (5 > 4) after target reduction.
2026-03-17 12:32:17,230 - Dynamic_War_Manager.Source.Logic.Air_Resources_Assigner - ERROR - get_aircraft_mission - Aircraft 'F-16CM Block 50' / loadout 'SEAD/DEAD': still exceeds max_missions (5 > 4) after target reduction.
2026-03-17 12:32:17,231 - Dynamic_War_Manager.Source.Logic.Air_Resources_Assigner - ERROR - get_aircraft_mission - Aircraft 'F/A-18C Lot 20' / loadout 'SEAD': still exceeds max_missions (5 > 4) after target reduction.
2026-03-17 12:32:17,255 - Dynamic_War_Manager.Source.Logic.Air_Resources_Assigner - ERROR - get_aircraft_mission - Aircraft 'F-16CM Block 50' / loadout 'SEAD/DEAD': still exceeds max_missions (3 > 2) after target reduction.
2026-03-17 12:32:17,257 - Dynamic_War_Manager.Source.Logic.Air_Resources_Assigner - ERROR - get_aircraft_mission - Aircraft 'F/A-18C Lot 20' / loadout 'SEAD': still exceeds max_missions (3 > 2) after target reduction.
2026-03-17 12:32:17,258 - Dynamic_War_Manager.Source.Logic.Air_Resources_Assigner - ERROR - get_aircraft_mission - Aircraft 'Su-25TM' / loadout 'SEAD/Anti-Radar': still exceeds max_missions (3 > 2) after target reduction.
2026-03-17 12:32:17,259 - Dynamic_War_Manager.Source.Logic.Air_Resources_Assigner - ERROR - get_aircraft_mission - Aircraft 'F-16CM Block 50' / loadout 'SEAD/DEAD': still exceeds max_missions (3 > 2) after target reduction.
2026-03-17 12:32:17,262 - Dynamic_War_Manager.Source.Logic.Air_Resources_Assigner - ERROR - get_aircraft_mission - Aircraft 'F/A-18C Lot 20' / loadout 'SEAD': still exceeds max_missions (3 > 2) after target reduction.
2026-03-17 12:32:17,313 - Dynamic_War_Manager.Source.Logic.Air_Resources_Assigner - ERROR - get_aircraft_mission - Aircraft 'Su-25TM' / loadout 'SEAD/Anti-Radar': still exceeds max_missions (3 > 2) after target reduction.
2026-03-17 12:32:17,315 - Dynamic_War_Manager.Source.Logic.Air_Resources_Assigner - ERROR - get_aircraft_mission - Aircraft 'F-16CM Block 50' / loadout 'SEAD/DEAD': still exceeds max_missions (3 > 2) after target reduction.
2026-03-17 12:32:17,317 - Dynamic_War_Manager.Source.Logic.Air_Resources_Assigner - ERROR - get_aircraft_mission - Aircraft 'F/A-18C Lot 20' / loadout 'SEAD': still exceeds max_missions (3 > 2) after target reduction.
2026-03-17 12:32:17,318 - Dynamic_War_Manager.Source.Logic.Air_Resources_Assigner - ERROR - get_aircraft_mission - Aircraft 'Su-25TM' / loadout 'SEAD/Anti-Radar': still exceeds max_missions (3 > 2) after target reduction.
2026-03-17 12:32:17,319 - Dynamic_War_Manager.Source.Logic.Air_Resources_Assigner - ERROR - get_aircraft_mission - Aircraft 'F-16CM Block 50' / loadout 'SEAD/DEAD': still exceeds max_missions (5 > 4) after target reduction.
2026-03-17 12:32:17,321 - Dynamic_War_Manager.Source.Logic.Air_Resources_Assigner - ERROR - get_aircraft_mission - Aircraft 'F/A-18C Lot 20' / loadout 'SEAD': still exceeds max_missions (5 > 4) after target reduction.
2026-03-17 12:32:17,323 - Dynamic_War_Manager.Source.Logic.Air_Resources_Assigner - ERROR - get_aircraft_mission - Aircraft 'F-16CM Block 50' / loadout 'SEAD/DEAD': still exceeds max_missions (5 > 4) after target reduction.
2026-03-17 12:32:17,325 - Dynamic_War_Manager.Source.Logic.Air_Resources_Assigner - ERROR - get_aircraft_mission - Aircraft 'F/A-18C Lot 20' / loadout 'SEAD': still exceeds max_missions (5 > 4) after target reduction.
2026-03-17 12:32:17,327 - Dynamic_War_Manager.Source.Logic.Air_Resources_Assigner - ERROR - get_aircraft_mission - Aircraft 'F-16CM Block 50' / loadout 'SEAD/DEAD': still exceeds max_missions (5 > 4) after target reduction.
2026-03-17 12:32:17,328 - Dynamic_War_Manager.Source.Logic.Air_Resources_Assigner - ERROR - get_aircraft_mission - Aircraft 'F/A-18C Lot 20' / loadout 'SEAD': still exceeds max_missions (5 > 4) after target reduction.
2026-03-17 12:32:17,349 - Dynamic_War_Manager.Source.Logic.Air_Resources_Assigner - ERROR - get_aircraft_mission - Aircraft 'F-16CM Block 50' / loadout 'SEAD/DEAD': still exceeds max_missions (3 > 2) after target reduction.
2026-03-17 12:32:17,351 - Dynamic_War_Manager.Source.Logic.Air_Resources_Assigner - ERROR - get_aircraft_mission - Aircraft 'F/A-18C Lot 20' / loadout 'SEAD': still exceeds max_missions (3 > 2) after target reduction.
2026-03-17 12:32:17,352 - Dynamic_War_Manager.Source.Logic.Air_Resources_Assigner - ERROR - get_aircraft_mission - Aircraft 'Su-25TM' / loadout 'SEAD/Anti-Radar': still exceeds max_missions (3 > 2) after target reduction.
2026-03-17 12:32:17,353 - Dynamic_War_Manager.Source.Logic.Air_Resources_Assigner - ERROR - get_aircraft_mission - Aircraft 'F-16CM Block 50' / loadout 'SEAD/DEAD': still exceeds max_missions (3 > 2) after target reduction.
2026-03-17 12:32:17,356 - Dynamic_War_Manager.Source.Logic.Air_Resources_Assigner - ERROR - get_aircraft_mission - Aircraft 'F/A-18C Lot 20' / loadout 'SEAD': still exceeds max_missions (3 > 2) after target reduction.
2026-03-17 12:32:17,356 - Dynamic_War_Manager.Source.Logic.Air_Resources_Assigner - ERROR - get_aircraft_mission - Aircraft 'Su-25TM' / loadout 'SEAD/Anti-Radar': still exceeds max_missions (3 > 2) after target reduction.
2026-03-17 12:32:17,357 - Dynamic_War_Manager.Source.Logic.Air_Resources_Assigner - ERROR - get_aircraft_mission - Aircraft 'F-16CM Block 50' / loadout 'SEAD/DEAD': still exceeds max_missions (3 > 2) after target reduction.
2026-03-17 12:32:17,360 - Dynamic_War_Manager.Source.Logic.Air_Resources_Assigner - ERROR - get_aircraft_mission - Aircraft 'F/A-18C Lot 20' / loadout 'SEAD': still exceeds max_missions (3 > 2) after target reduction.
2026-03-17 12:32:17,361 - Dynamic_War_Manager.Source.Logic.Air_Resources_Assigner - ERROR - get_aircraft_mission - Aircraft 'Su-25TM' / loadout 'SEAD/Anti-Radar': still exceeds max_missions (3 > 2) after target reduction.
2026-03-17 12:32:17,362 - Dynamic_War_Manager.Source.Logic.Air_Resources_Assigner - ERROR - get_aircraft_mission - Aircraft 'F-16CM Block 50' / loadout 'SEAD/DEAD': still exceeds max_missions (5 > 4) after target reduction.
2026-03-17 12:32:17,363 - Dynamic_War_Manager.Source.Logic.Air_Resources_Assigner - ERROR - get_aircraft_mission - Aircraft 'F/A-18C Lot 20' / loadout 'SEAD': still exceeds max_missions (5 > 4) after target reduction.
2026-03-17 12:32:17,365 - Dynamic_War_Manager.Source.Logic.Air_Resources_Assigner - ERROR - get_aircraft_mission - Aircraft 'F-16CM Block 50' / loadout 'SEAD/DEAD': still exceeds max_missions (5 > 4) after target reduction.
2026-03-17 12:32:17,367 - Dynamic_War_Manager.Source.Logic.Air_Resources_Assigner - ERROR - get_aircraft_mission - Aircraft 'F/A-18C Lot 20' / loadout 'SEAD': still exceeds max_missions (5 > 4) after target reduction.
2026-03-17 12:32:17,368 - Dynamic_War_Manager.Source.Logic.Air_Resources_Assigner - ERROR - get_aircraft_mission - Aircraft 'F-16CM Block 50' / loadout 'SEAD/DEAD': still exceeds max_missions (5 > 4) after target reduction.
2026-03-17 12:32:17,370 - Dynamic_War_Manager.Source.Logic.Air_Resources_Assigner - ERROR - get_aircraft_mission - Aircraft 'F/A-18C Lot 20' / loadout 'SEAD': still exceeds max_missions (5 > 4) after target reduction.
2026-03-17 12:32:17,393 - Dynamic_War_Manager.Source.Logic.Air_Resources_Assigner - ERROR - get_aircraft_mission - Aircraft 'F-16CM Block 50' / loadout 'SEAD/DEAD': still exceeds max_missions (3 > 2) after target reduction.
2026-03-17 12:32:17,396 - Dynamic_War_Manager.Source.Logic.Air_Resources_Assigner - ERROR - get_aircraft_mission - Aircraft 'F/A-18C Lot 20' / loadout 'SEAD': still exceeds max_missions (3 > 2) after target reduction.
2026-03-17 12:32:17,397 - Dynamic_War_Manager.Source.Logic.Air_Resources_Assigner - ERROR - get_aircraft_mission - Aircraft 'Su-25TM' / loadout 'SEAD/Anti-Radar': still exceeds max_missions (3 > 2) after target reduction.
2026-03-17 12:32:17,398 - Dynamic_War_Manager.Source.Logic.Air_Resources_Assigner - ERROR - get_aircraft_mission - Aircraft 'F-16CM Block 50' / loadout 'SEAD/DEAD': still exceeds max_missions (3 > 2) after target reduction.
2026-03-17 12:32:17,400 - Dynamic_War_Manager.Source.Logic.Air_Resources_Assigner - ERROR - get_aircraft_mission - Aircraft 'F/A-18C Lot 20' / loadout 'SEAD': still exceeds max_missions (3 > 2) after target reduction.
2026-03-17 12:32:17,401 - Dynamic_War_Manager.Source.Logic.Air_Resources_Assigner - ERROR - get_aircraft_mission - Aircraft 'Su-25TM' / loadout 'SEAD/Anti-Radar': still exceeds max_missions (3 > 2) after target reduction.
2026-03-17 12:32:17,401 - Dynamic_War_Manager.Source.Logic.Air_Resources_Assigner - ERROR - get_aircraft_mission - Aircraft 'F-16CM Block 50' / loadout 'SEAD/DEAD': still exceeds max_missions (3 > 2) after target reduction.
2026-03-17 12:32:17,404 - Dynamic_War_Manager.Source.Logic.Air_Resources_Assigner - ERROR - get_aircraft_mission - Aircraft 'F/A-18C Lot 20' / loadout 'SEAD': still exceeds max_missions (3 > 2) after target reduction.
2026-03-17 12:32:17,405 - Dynamic_War_Manager.Source.Logic.Air_Resources_Assigner - ERROR - get_aircraft_mission - Aircraft 'Su-25TM' / loadout 'SEAD/Anti-Radar': still exceeds max_missions (3 > 2) after target reduction.
2026-03-17 12:32:17,406 - Dynamic_War_Manager.Source.Logic.Air_Resources_Assigner - ERROR - get_aircraft_mission - Aircraft 'F-16CM Block 50' / loadout 'SEAD/DEAD': still exceeds max_missions (5 > 4) after target reduction.
2026-03-17 12:32:17,407 - Dynamic_War_Manager.Source.Logic.Air_Resources_Assigner - ERROR - get_aircraft_mission - Aircraft 'F/A-18C Lot 20' / loadout 'SEAD': still exceeds max_missions (5 > 4) after target reduction.
2026-03-17 12:32:17,409 - Dynamic_War_Manager.Source.Logic.Air_Resources_Assigner - ERROR - get_aircraft_mission - Aircraft 'F-16CM Block 50' / loadout 'SEAD/DEAD': still exceeds max_missions (5 > 4) after target reduction.
2026-03-17 12:32:17,411 - Dynamic_War_Manager.Source.Logic.Air_Resources_Assigner - ERROR - get_aircraft_mission - Aircraft 'F/A-18C Lot 20' / loadout 'SEAD': still exceeds max_missions (5 > 4) after target reduction.
2026-03-17 12:32:17,413 - Dynamic_War_Manager.Source.Logic.Air_Resources_Assigner - ERROR - get_aircraft_mission - Aircraft 'F-16CM Block 50' / loadout 'SEAD/DEAD': still exceeds max_missions (5 > 4) after target reduction.
2026-03-17 12:32:17,415 - Dynamic_War_Manager.Source.Logic.Air_Resources_Assigner - ERROR - get_aircraft_mission - Aircraft 'F/A-18C Lot 20' / loadout 'SEAD': still exceeds max_missions (5 > 4) after target reduction.
2026-03-17 12:32:17,441 - Dynamic_War_Manager.Source.Logic.Air_Resources_Assigner - ERROR - get_aircraft_mission - Aircraft 'F-16CM Block 50' / loadout 'SEAD/DEAD': still exceeds max_missions (3 > 2) after target reduction.
2026-03-17 12:32:17,444 - Dynamic_War_Manager.Source.Logic.Air_Resources_Assigner - ERROR - get_aircraft_mission - Aircraft 'F/A-18C Lot 20' / loadout 'SEAD': still exceeds max_missions (3 > 2) after target reduction.
2026-03-17 12:32:17,445 - Dynamic_War_Manager.Source.Logic.Air_Resources_Assigner - ERROR - get_aircraft_mission - Aircraft 'Su-25TM' / loadout 'SEAD/Anti-Radar': still exceeds max_missions (3 > 2) after target reduction.
2026-03-17 12:32:17,446 - Dynamic_War_Manager.Source.Logic.Air_Resources_Assigner - ERROR - get_aircraft_mission - Aircraft 'F-16CM Block 50' / loadout 'SEAD/DEAD': still exceeds max_missions (3 > 2) after target reduction.
2026-03-17 12:32:17,448 - Dynamic_War_Manager.Source.Logic.Air_Resources_Assigner - ERROR - get_aircraft_mission - Aircraft 'F/A-18C Lot 20' / loadout 'SEAD': still exceeds max_missions (3 > 2) after target reduction.
2026-03-17 12:32:17,449 - Dynamic_War_Manager.Source.Logic.Air_Resources_Assigner - ERROR - get_aircraft_mission - Aircraft 'Su-25TM' / loadout 'SEAD/Anti-Radar': still exceeds max_missions (3 > 2) after target reduction.
2026-03-17 12:32:17,451 - Dynamic_War_Manager.Source.Logic.Air_Resources_Assigner - ERROR - get_aircraft_mission - Aircraft 'F-16CM Block 50' / loadout 'SEAD/DEAD': still exceeds max_missions (3 > 2) after target reduction.
2026-03-17 12:32:17,454 - Dynamic_War_Manager.Source.Logic.Air_Resources_Assigner - ERROR - get_aircraft_mission - Aircraft 'F/A-18C Lot 20' / loadout 'SEAD': still exceeds max_missions (3 > 2) after target reduction.
2026-03-17 12:32:17,455 - Dynamic_War_Manager.Source.Logic.Air_Resources_Assigner - ERROR - get_aircraft_mission - Aircraft 'Su-25TM' / loadout 'SEAD/Anti-Radar': still exceeds max_missions (3 > 2) after target reduction.
2026-03-17 12:32:17,456 - Dynamic_War_Manager.Source.Logic.Air_Resources_Assigner - ERROR - get_aircraft_mission - Aircraft 'F-16CM Block 50' / loadout 'SEAD/DEAD': still exceeds max_missions (3 > 2) after target reduction.
2026-03-17 12:32:17,458 - Dynamic_War_Manager.Source.Logic.Air_Resources_Assigner - ERROR - get_aircraft_mission - Aircraft 'F/A-18C Lot 20' / loadout 'SEAD': still exceeds max_missions (3 > 2) after target reduction.
2026-03-17 12:32:17,459 - Dynamic_War_Manager.Source.Logic.Air_Resources_Assigner - ERROR - get_aircraft_mission - Aircraft 'Su-25TM' / loadout 'SEAD/Anti-Radar': still exceeds max_missions (3 > 2) after target reduction.
2026-03-17 12:32:17,460 - Dynamic_War_Manager.Source.Logic.Air_Resources_Assigner - ERROR - get_aircraft_mission - Aircraft 'F-16CM Block 50' / loadout 'SEAD/DEAD': still exceeds max_missions (3 > 2) after target reduction.
2026-03-17 12:32:17,462 - Dynamic_War_Manager.Source.Logic.Air_Resources_Assigner - ERROR - get_aircraft_mission - Aircraft 'F/A-18C Lot 20' / loadout 'SEAD': still exceeds max_missions (3 > 2) after target reduction.
2026-03-17 12:32:17,463 - Dynamic_War_Manager.Source.Logic.Air_Resources_Assigner - ERROR - get_aircraft_mission - Aircraft 'Su-25TM' / loadout 'SEAD/Anti-Radar': still exceeds max_missions (3 > 2) after target reduction.
2026-03-17 12:32:17,464 - Dynamic_War_Manager.Source.Logic.Air_Resources_Assigner - ERROR - get_aircraft_mission - Aircraft 'F-16CM Block 50' / loadout 'SEAD/DEAD': still exceeds max_missions (5 > 4) after target reduction.
2026-03-17 12:32:17,465 - Dynamic_War_Manager.Source.Logic.Air_Resources_Assigner - ERROR - get_aircraft_mission - Aircraft 'F/A-18C Lot 20' / loadout 'SEAD': still exceeds max_missions (5 > 4) after target reduction.
2026-03-17 12:32:17,467 - Dynamic_War_Manager.Source.Logic.Air_Resources_Assigner - ERROR - get_aircraft_mission - Aircraft 'F-16CM Block 50' / loadout 'SEAD/DEAD': still exceeds max_missions (5 > 4) after target reduction.
2026-03-17 12:32:17,469 - Dynamic_War_Manager.Source.Logic.Air_Resources_Assigner - ERROR - get_aircraft_mission - Aircraft 'F/A-18C Lot 20' / loadout 'SEAD': still exceeds max_missions (5 > 4) after target reduction.
2026-03-17 12:32:17,471 - Dynamic_War_Manager.Source.Logic.Air_Resources_Assigner - ERROR - get_aircraft_mission - Aircraft 'F-16CM Block 50' / loadout 'SEAD/DEAD': still exceeds max_missions (5 > 4) after target reduction.
2026-03-17 12:32:17,473 - Dynamic_War_Manager.Source.Logic.Air_Resources_Assigner - ERROR - get_aircraft_mission - Aircraft 'F/A-18C Lot 20' / loadout 'SEAD': still exceeds max_missions (5 > 4) after target reduction.
2026-03-17 12:32:17,495 - Dynamic_War_Manager.Source.Logic.Air_Resources_Assigner - ERROR - get_aircraft_mission - Aircraft 'F-16CM Block 50' / loadout 'SEAD/DEAD': still exceeds max_missions (3 > 2) after target reduction.
2026-03-17 12:32:17,499 - Dynamic_War_Manager.Source.Logic.Air_Resources_Assigner - ERROR - get_aircraft_mission - Aircraft 'F/A-18C Lot 20' / loadout 'SEAD': still exceeds max_missions (3 > 2) after target reduction.
2026-03-17 12:32:17,500 - Dynamic_War_Manager.Source.Logic.Air_Resources_Assigner - ERROR - get_aircraft_mission - Aircraft 'Su-25TM' / loadout 'SEAD/Anti-Radar': still exceeds max_missions (3 > 2) after target reduction.
2026-03-17 12:32:17,502 - Dynamic_War_Manager.Source.Logic.Air_Resources_Assigner - ERROR - get_aircraft_mission - Aircraft 'F-16CM Block 50' / loadout 'SEAD/DEAD': still exceeds max_missions (3 > 2) after target reduction.
2026-03-17 12:32:17,504 - Dynamic_War_Manager.Source.Logic.Air_Resources_Assigner - ERROR - get_aircraft_mission - Aircraft 'F/A-18C Lot 20' / loadout 'SEAD': still exceeds max_missions (3 > 2) after target reduction.
2026-03-17 12:32:17,505 - Dynamic_War_Manager.Source.Logic.Air_Resources_Assigner - ERROR - get_aircraft_mission - Aircraft 'Su-25TM' / loadout 'SEAD/Anti-Radar': still exceeds max_missions (3 > 2) after target reduction.
2026-03-17 12:32:17,506 - Dynamic_War_Manager.Source.Logic.Air_Resources_Assigner - ERROR - get_aircraft_mission - Aircraft 'F-16CM Block 50' / loadout 'SEAD/DEAD': still exceeds max_missions (3 > 2) after target reduction.
2026-03-17 12:32:17,508 - Dynamic_War_Manager.Source.Logic.Air_Resources_Assigner - ERROR - get_aircraft_mission - Aircraft 'F/A-18C Lot 20' / loadout 'SEAD': still exceeds max_missions (3 > 2) after target reduction.
2026-03-17 12:32:17,509 - Dynamic_War_Manager.Source.Logic.Air_Resources_Assigner - ERROR - get_aircraft_mission - Aircraft 'Su-25TM' / loadout 'SEAD/Anti-Radar': still exceeds max_missions (3 > 2) after target reduction.
2026-03-17 12:32:17,510 - Dynamic_War_Manager.Source.Logic.Air_Resources_Assigner - ERROR - get_aircraft_mission - Aircraft 'F-16CM Block 50' / loadout 'SEAD/DEAD': still exceeds max_missions (5 > 4) after target reduction.
2026-03-17 12:32:17,511 - Dynamic_War_Manager.Source.Logic.Air_Resources_Assigner - ERROR - get_aircraft_mission - Aircraft 'F/A-18C Lot 20' / loadout 'SEAD': still exceeds max_missions (5 > 4) after target reduction.
2026-03-17 12:32:17,513 - Dynamic_War_Manager.Source.Logic.Air_Resources_Assigner - ERROR - get_aircraft_mission - Aircraft 'F-16CM Block 50' / loadout 'SEAD/DEAD': still exceeds max_missions (5 > 4) after target reduction.
2026-03-17 12:32:17,515 - Dynamic_War_Manager.Source.Logic.Air_Resources_Assigner - ERROR - get_aircraft_mission - Aircraft 'F/A-18C Lot 20' / loadout 'SEAD': still exceeds max_missions (5 > 4) after target reduction.
2026-03-17 12:32:17,516 - Dynamic_War_Manager.Source.Logic.Air_Resources_Assigner - ERROR - get_aircraft_mission - Aircraft 'F-16CM Block 50' / loadout 'SEAD/DEAD': still exceeds max_missions (5 > 4) after target reduction.
2026-03-17 12:32:17,518 - Dynamic_War_Manager.Source.Logic.Air_Resources_Assigner - ERROR - get_aircraft_mission - Aircraft 'F/A-18C Lot 20' / loadout 'SEAD': still exceeds max_missions (5 > 4) after target reduction.
2026-03-17 12:32:17,541 - Dynamic_War_Manager.Source.Logic.Air_Resources_Assigner - INFO - get_aircraft_mission - Aircraft 'Su-30' / loadout 'Anti-Ship': does not meet mission performance requirements.
2026-03-17 12:32:17,542 - Dynamic_War_Manager.Source.Logic.Air_Resources_Assigner - ERROR - get_aircraft_mission - Aircraft 'Tu-142' / loadout 'Maritime Strike': still exceeds max_missions (3 > 2) after target reduction.
2026-03-17 12:32:17,544 - Dynamic_War_Manager.Source.Logic.Air_Resources_Assigner - INFO - get_aircraft_mission - Aircraft 'Su-30' / loadout 'Anti-Ship': does not meet mission performance requirements.
2026-03-17 12:32:17,544 - Dynamic_War_Manager.Source.Logic.Air_Resources_Assigner - ERROR - get_aircraft_mission - Aircraft 'Tu-142' / loadout 'Maritime Strike': still exceeds max_missions (3 > 2) after target reduction.
2026-03-17 12:32:17,546 - Dynamic_War_Manager.Source.Logic.Air_Resources_Assigner - INFO - get_aircraft_mission - Aircraft 'Su-30' / loadout 'Anti-Ship': does not meet mission performance requirements.
2026-03-17 12:32:17,548 - Dynamic_War_Manager.Source.Logic.Air_Resources_Assigner - INFO - get_aircraft_mission - Aircraft 'Su-30' / loadout 'Anti-Ship': does not meet mission performance requirements.
2026-03-17 12:32:17,550 - Dynamic_War_Manager.Source.Logic.Air_Resources_Assigner - INFO - get_aircraft_mission - Aircraft 'Su-30' / loadout 'Anti-Ship': does not meet mission performance requirements.
2026-03-17 12:32:17,552 - Dynamic_War_Manager.Source.Logic.Air_Resources_Assigner - INFO - get_aircraft_mission - Aircraft 'Su-30' / loadout 'Anti-Ship': does not meet mission performance requirements.
2026-03-17 12:32:17,555 - Dynamic_War_Manager.Source.Logic.Air_Resources_Assigner - INFO - get_aircraft_mission - Aircraft 'Su-30' / loadout 'Anti-Ship': does not meet mission performance requirements.
2026-03-17 12:32:17,557 - Dynamic_War_Manager.Source.Logic.Air_Resources_Assigner - INFO - get_aircraft_mission - Aircraft 'Su-30' / loadout 'Anti-Ship': does not meet mission performance requirements.
2026-03-17 12:32:17,559 - Dynamic_War_Manager.Source.Logic.Air_Resources_Assigner - INFO - get_aircraft_mission - Aircraft 'Su-30' / loadout 'Anti-Ship': does not meet mission performance requirements.
2026-03-17 12:32:17,561 - Dynamic_War_Manager.Source.Logic.Air_Resources_Assigner - INFO - get_aircraft_mission - Aircraft 'Su-30' / loadout 'Anti-Ship': does not meet mission performance requirements.
2026-03-17 12:32:17,562 - Dynamic_War_Manager.Source.Logic.Air_Resources_Assigner - INFO - get_aircraft_mission - Aircraft 'Su-30' / loadout 'Anti-Ship': does not meet mission performance requirements.
2026-03-17 12:32:17,564 - Dynamic_War_Manager.Source.Logic.Air_Resources_Assigner - INFO - get_aircraft_mission - Aircraft 'Su-30' / loadout 'Anti-Ship': does not meet mission performance requirements.
2026-03-17 12:32:17,568 - Dynamic_War_Manager.Source.Logic.Air_Resources_Assigner - INFO - get_aircraft_mission - Aircraft 'Su-30' / loadout 'Anti-Ship': does not meet mission performance requirements.
2026-03-17 12:32:17,569 - Dynamic_War_Manager.Source.Logic.Air_Resources_Assigner - ERROR - get_aircraft_mission - Aircraft 'Tu-142' / loadout 'Maritime Strike': still exceeds max_missions (3 > 2) after target reduction.
2026-03-17 12:32:17,570 - Dynamic_War_Manager.Source.Logic.Air_Resources_Assigner - INFO - get_aircraft_mission - Aircraft 'Su-30' / loadout 'Anti-Ship': does not meet mission performance requirements.
2026-03-17 12:32:17,571 - Dynamic_War_Manager.Source.Logic.Air_Resources_Assigner - ERROR - get_aircraft_mission - Aircraft 'Tu-142' / loadout 'Maritime Strike': still exceeds max_missions (3 > 2) after target reduction.
2026-03-17 12:32:17,572 - Dynamic_War_Manager.Source.Logic.Air_Resources_Assigner - INFO - get_aircraft_mission - Aircraft 'Su-30' / loadout 'Anti-Ship': does not meet mission performance requirements.
2026-03-17 12:32:17,574 - Dynamic_War_Manager.Source.Logic.Air_Resources_Assigner - INFO - get_aircraft_mission - Aircraft 'Su-30' / loadout 'Anti-Ship': does not meet mission performance requirements.
2026-03-17 12:32:17,576 - Dynamic_War_Manager.Source.Logic.Air_Resources_Assigner - INFO - get_aircraft_mission - Aircraft 'Su-30' / loadout 'Anti-Ship': does not meet mission performance requirements.
2026-03-17 12:32:17,578 - Dynamic_War_Manager.Source.Logic.Air_Resources_Assigner - INFO - get_aircraft_mission - Aircraft 'Su-30' / loadout 'Anti-Ship': does not meet mission performance requirements.
2026-03-17 12:32:17,580 - Dynamic_War_Manager.Source.Logic.Air_Resources_Assigner - INFO - get_aircraft_mission - Aircraft 'Su-30' / loadout 'Anti-Ship': does not meet mission performance requirements.
2026-03-17 12:32:17,582 - Dynamic_War_Manager.Source.Logic.Air_Resources_Assigner - INFO - get_aircraft_mission - Aircraft 'Su-30' / loadout 'Anti-Ship': does not meet mission performance requirements.
2026-03-17 12:32:17,584 - Dynamic_War_Manager.Source.Logic.Air_Resources_Assigner - INFO - get_aircraft_mission - Aircraft 'Su-30' / loadout 'Anti-Ship': does not meet mission performance requirements.
2026-03-17 12:32:17,586 - Dynamic_War_Manager.Source.Logic.Air_Resources_Assigner - INFO - get_aircraft_mission - Aircraft 'Su-30' / loadout 'Anti-Ship': does not meet mission performance requirements.
2026-03-17 12:32:17,588 - Dynamic_War_Manager.Source.Logic.Air_Resources_Assigner - INFO - get_aircraft_mission - Aircraft 'Su-30' / loadout 'Anti-Ship': does not meet mission performance requirements.
2026-03-17 12:32:17,590 - Dynamic_War_Manager.Source.Logic.Air_Resources_Assigner - INFO - get_aircraft_mission - Aircraft 'Su-30' / loadout 'Anti-Ship': does not meet mission performance requirements.
2026-03-17 12:32:17,593 - Dynamic_War_Manager.Source.Logic.Air_Resources_Assigner - INFO - get_aircraft_mission - Aircraft 'Su-30' / loadout 'Anti-Ship': does not meet mission performance requirements.
2026-03-17 12:32:17,594 - Dynamic_War_Manager.Source.Logic.Air_Resources_Assigner - ERROR - get_aircraft_mission - Aircraft 'Tu-142' / loadout 'Maritime Strike': still exceeds max_missions (3 > 2) after target reduction.
2026-03-17 12:32:17,646 - Dynamic_War_Manager.Source.Logic.Air_Resources_Assigner - INFO - get_aircraft_mission - Aircraft 'Su-30' / loadout 'Anti-Ship': does not meet mission performance requirements.
2026-03-17 12:32:17,647 - Dynamic_War_Manager.Source.Logic.Air_Resources_Assigner - ERROR - get_aircraft_mission - Aircraft 'Tu-142' / loadout 'Maritime Strike': still exceeds max_missions (3 > 2) after target reduction.
2026-03-17 12:32:17,648 - Dynamic_War_Manager.Source.Logic.Air_Resources_Assigner - INFO - get_aircraft_mission - Aircraft 'Su-30' / loadout 'Anti-Ship': does not meet mission performance requirements.
2026-03-17 12:32:17,650 - Dynamic_War_Manager.Source.Logic.Air_Resources_Assigner - INFO - get_aircraft_mission - Aircraft 'Su-30' / loadout 'Anti-Ship': does not meet mission performance requirements.
2026-03-17 12:32:17,652 - Dynamic_War_Manager.Source.Logic.Air_Resources_Assigner - INFO - get_aircraft_mission - Aircraft 'Su-30' / loadout 'Anti-Ship': does not meet mission performance requirements.
2026-03-17 12:32:17,654 - Dynamic_War_Manager.Source.Logic.Air_Resources_Assigner - INFO - get_aircraft_mission - Aircraft 'Su-30' / loadout 'Anti-Ship': does not meet mission performance requirements.
2026-03-17 12:32:17,656 - Dynamic_War_Manager.Source.Logic.Air_Resources_Assigner - INFO - get_aircraft_mission - Aircraft 'Su-30' / loadout 'Anti-Ship': does not meet mission performance requirements.
2026-03-17 12:32:17,658 - Dynamic_War_Manager.Source.Logic.Air_Resources_Assigner - INFO - get_aircraft_mission - Aircraft 'Su-30' / loadout 'Anti-Ship': does not meet mission performance requirements.
2026-03-17 12:32:17,660 - Dynamic_War_Manager.Source.Logic.Air_Resources_Assigner - INFO - get_aircraft_mission - Aircraft 'Su-30' / loadout 'Anti-Ship': does not meet mission performance requirements.
2026-03-17 12:32:17,662 - Dynamic_War_Manager.Source.Logic.Air_Resources_Assigner - INFO - get_aircraft_mission - Aircraft 'Su-30' / loadout 'Anti-Ship': does not meet mission performance requirements.
2026-03-17 12:32:17,664 - Dynamic_War_Manager.Source.Logic.Air_Resources_Assigner - INFO - get_aircraft_mission - Aircraft 'Su-30' / loadout 'Anti-Ship': does not meet mission performance requirements.
2026-03-17 12:32:17,666 - Dynamic_War_Manager.Source.Logic.Air_Resources_Assigner - INFO - get_aircraft_mission - Aircraft 'Su-30' / loadout 'Anti-Ship': does not meet mission performance requirements.
2026-03-17 12:32:17,669 - Dynamic_War_Manager.Source.Logic.Air_Resources_Assigner - INFO - get_aircraft_mission - Aircraft 'Su-30' / loadout 'Anti-Ship': does not meet mission performance requirements.
2026-03-17 12:32:17,670 - Dynamic_War_Manager.Source.Logic.Air_Resources_Assigner - ERROR - get_aircraft_mission - Aircraft 'Tu-142' / loadout 'Maritime Strike': still exceeds max_missions (3 > 2) after target reduction.
2026-03-17 12:32:17,671 - Dynamic_War_Manager.Source.Logic.Air_Resources_Assigner - INFO - get_aircraft_mission - Aircraft 'Su-30' / loadout 'Anti-Ship': does not meet mission performance requirements.
2026-03-17 12:32:17,672 - Dynamic_War_Manager.Source.Logic.Air_Resources_Assigner - ERROR - get_aircraft_mission - Aircraft 'Tu-142' / loadout 'Maritime Strike': still exceeds max_missions (3 > 2) after target reduction.
2026-03-17 12:32:17,673 - Dynamic_War_Manager.Source.Logic.Air_Resources_Assigner - INFO - get_aircraft_mission - Aircraft 'Su-30' / loadout 'Anti-Ship': does not meet mission performance requirements.
2026-03-17 12:32:17,675 - Dynamic_War_Manager.Source.Logic.Air_Resources_Assigner - INFO - get_aircraft_mission - Aircraft 'Su-30' / loadout 'Anti-Ship': does not meet mission performance requirements.
2026-03-17 12:32:17,677 - Dynamic_War_Manager.Source.Logic.Air_Resources_Assigner - INFO - get_aircraft_mission - Aircraft 'Su-30' / loadout 'Anti-Ship': does not meet mission performance requirements.
2026-03-17 12:32:17,679 - Dynamic_War_Manager.Source.Logic.Air_Resources_Assigner - INFO - get_aircraft_mission - Aircraft 'Su-30' / loadout 'Anti-Ship': does not meet mission performance requirements.
2026-03-17 12:32:17,681 - Dynamic_War_Manager.Source.Logic.Air_Resources_Assigner - INFO - get_aircraft_mission - Aircraft 'Su-30' / loadout 'Anti-Ship': does not meet mission performance requirements.
2026-03-17 12:32:17,682 - Dynamic_War_Manager.Source.Logic.Air_Resources_Assigner - INFO - get_aircraft_mission - Aircraft 'Su-30' / loadout 'Anti-Ship': does not meet mission performance requirements.
2026-03-17 12:32:17,684 - Dynamic_War_Manager.Source.Logic.Air_Resources_Assigner - INFO - get_aircraft_mission - Aircraft 'Su-30' / loadout 'Anti-Ship': does not meet mission performance requirements.
2026-03-17 12:32:17,686 - Dynamic_War_Manager.Source.Logic.Air_Resources_Assigner - INFO - get_aircraft_mission - Aircraft 'Su-30' / loadout 'Anti-Ship': does not meet mission performance requirements.
2026-03-17 12:32:17,688 - Dynamic_War_Manager.Source.Logic.Air_Resources_Assigner - INFO - get_aircraft_mission - Aircraft 'Su-30' / loadout 'Anti-Ship': does not meet mission performance requirements.
2026-03-17 12:32:17,690 - Dynamic_War_Manager.Source.Logic.Air_Resources_Assigner - INFO - get_aircraft_mission - Aircraft 'Su-30' / loadout 'Anti-Ship': does not meet mission performance requirements.
2026-03-17 12:32:17,693 - Dynamic_War_Manager.Source.Logic.Air_Resources_Assigner - INFO - get_aircraft_mission - Aircraft 'Su-30' / loadout 'Anti-Ship': does not meet mission performance requirements.
2026-03-17 12:32:17,694 - Dynamic_War_Manager.Source.Logic.Air_Resources_Assigner - ERROR - get_aircraft_mission - Aircraft 'Tu-142' / loadout 'Maritime Strike': still exceeds max_missions (3 > 2) after target reduction.
2026-03-17 12:32:17,696 - Dynamic_War_Manager.Source.Logic.Air_Resources_Assigner - INFO - get_aircraft_mission - Aircraft 'Su-30' / loadout 'Anti-Ship': does not meet mission performance requirements.
2026-03-17 12:32:17,696 - Dynamic_War_Manager.Source.Logic.Air_Resources_Assigner - ERROR - get_aircraft_mission - Aircraft 'Tu-142' / loadout 'Maritime Strike': still exceeds max_missions (3 > 2) after target reduction.
2026-03-17 12:32:17,698 - Dynamic_War_Manager.Source.Logic.Air_Resources_Assigner - INFO - get_aircraft_mission - Aircraft 'Su-30' / loadout 'Anti-Ship': does not meet mission performance requirements.
2026-03-17 12:32:17,700 - Dynamic_War_Manager.Source.Logic.Air_Resources_Assigner - INFO - get_aircraft_mission - Aircraft 'Su-30' / loadout 'Anti-Ship': does not meet mission performance requirements.
2026-03-17 12:32:17,702 - Dynamic_War_Manager.Source.Logic.Air_Resources_Assigner - INFO - get_aircraft_mission - Aircraft 'Su-30' / loadout 'Anti-Ship': does not meet mission performance requirements.
2026-03-17 12:32:17,704 - Dynamic_War_Manager.Source.Logic.Air_Resources_Assigner - INFO - get_aircraft_mission - Aircraft 'Su-30' / loadout 'Anti-Ship': does not meet mission performance requirements.
2026-03-17 12:32:17,706 - Dynamic_War_Manager.Source.Logic.Air_Resources_Assigner - INFO - get_aircraft_mission - Aircraft 'Su-30' / loadout 'Anti-Ship': does not meet mission performance requirements.
2026-03-17 12:32:17,708 - Dynamic_War_Manager.Source.Logic.Air_Resources_Assigner - INFO - get_aircraft_mission - Aircraft 'Su-30' / loadout 'Anti-Ship': does not meet mission performance requirements.
2026-03-17 12:32:17,710 - Dynamic_War_Manager.Source.Logic.Air_Resources_Assigner - INFO - get_aircraft_mission - Aircraft 'Su-30' / loadout 'Anti-Ship': does not meet mission performance requirements.
2026-03-17 12:32:17,712 - Dynamic_War_Manager.Source.Logic.Air_Resources_Assigner - INFO - get_aircraft_mission - Aircraft 'Su-30' / loadout 'Anti-Ship': does not meet mission performance requirements.
2026-03-17 12:32:17,714 - Dynamic_War_Manager.Source.Logic.Air_Resources_Assigner - INFO - get_aircraft_mission - Aircraft 'Su-30' / loadout 'Anti-Ship': does not meet mission performance requirements.
2026-03-17 12:32:17,715 - Dynamic_War_Manager.Source.Logic.Air_Resources_Assigner - INFO - get_aircraft_mission - Aircraft 'Su-30' / loadout 'Anti-Ship': does not meet mission performance requirements.
2026-03-17 12:32:17,719 - Dynamic_War_Manager.Source.Logic.Air_Resources_Assigner - INFO - get_aircraft_mission - Aircraft 'Su-30' / loadout 'Anti-Ship': does not meet mission performance requirements.
2026-03-17 12:32:17,721 - Dynamic_War_Manager.Source.Logic.Air_Resources_Assigner - ERROR - get_aircraft_mission - Aircraft 'Tu-142' / loadout 'Maritime Strike': still exceeds max_missions (3 > 2) after target reduction.
2026-03-17 12:32:17,722 - Dynamic_War_Manager.Source.Logic.Air_Resources_Assigner - INFO - get_aircraft_mission - Aircraft 'Su-30' / loadout 'Anti-Ship': does not meet mission performance requirements.
2026-03-17 12:32:17,723 - Dynamic_War_Manager.Source.Logic.Air_Resources_Assigner - ERROR - get_aircraft_mission - Aircraft 'Tu-142' / loadout 'Maritime Strike': still exceeds max_missions (3 > 2) after target reduction.
2026-03-17 12:32:17,724 - Dynamic_War_Manager.Source.Logic.Air_Resources_Assigner - INFO - get_aircraft_mission - Aircraft 'Su-30' / loadout 'Anti-Ship': does not meet mission performance requirements.
2026-03-17 12:32:17,726 - Dynamic_War_Manager.Source.Logic.Air_Resources_Assigner - INFO - get_aircraft_mission - Aircraft 'Su-30' / loadout 'Anti-Ship': does not meet mission performance requirements.
2026-03-17 12:32:17,728 - Dynamic_War_Manager.Source.Logic.Air_Resources_Assigner - INFO - get_aircraft_mission - Aircraft 'Su-30' / loadout 'Anti-Ship': does not meet mission performance requirements.
2026-03-17 12:32:17,729 - Dynamic_War_Manager.Source.Logic.Air_Resources_Assigner - INFO - get_aircraft_mission - Aircraft 'Su-30' / loadout 'Anti-Ship': does not meet mission performance requirements.
2026-03-17 12:32:17,731 - Dynamic_War_Manager.Source.Logic.Air_Resources_Assigner - INFO - get_aircraft_mission - Aircraft 'Su-30' / loadout 'Anti-Ship': does not meet mission performance requirements.
2026-03-17 12:32:17,733 - Dynamic_War_Manager.Source.Logic.Air_Resources_Assigner - INFO - get_aircraft_mission - Aircraft 'Su-30' / loadout 'Anti-Ship': does not meet mission performance requirements.
2026-03-17 12:32:17,735 - Dynamic_War_Manager.Source.Logic.Air_Resources_Assigner - INFO - get_aircraft_mission - Aircraft 'Su-30' / loadout 'Anti-Ship': does not meet mission performance requirements.
2026-03-17 12:32:17,737 - Dynamic_War_Manager.Source.Logic.Air_Resources_Assigner - INFO - get_aircraft_mission - Aircraft 'Su-30' / loadout 'Anti-Ship': does not meet mission performance requirements.
2026-03-17 12:32:17,739 - Dynamic_War_Manager.Source.Logic.Air_Resources_Assigner - INFO - get_aircraft_mission - Aircraft 'Su-30' / loadout 'Anti-Ship': does not meet mission performance requirements.
2026-03-17 12:32:17,741 - Dynamic_War_Manager.Source.Logic.Air_Resources_Assigner - INFO - get_aircraft_mission - Aircraft 'Su-30' / loadout 'Anti-Ship': does not meet mission performance requirements.
2026-03-17 12:32:17,744 - Dynamic_War_Manager.Source.Logic.Air_Resources_Assigner - INFO - get_aircraft_mission - Aircraft 'Su-30' / loadout 'Anti-Ship': does not meet mission performance requirements.
2026-03-17 12:32:17,745 - Dynamic_War_Manager.Source.Logic.Air_Resources_Assigner - ERROR - get_aircraft_mission - Aircraft 'Tu-142' / loadout 'Maritime Strike': still exceeds max_missions (3 > 2) after target reduction.
2026-03-17 12:32:17,746 - Dynamic_War_Manager.Source.Logic.Air_Resources_Assigner - INFO - get_aircraft_mission - Aircraft 'Su-30' / loadout 'Anti-Ship': does not meet mission performance requirements.
2026-03-17 12:32:17,747 - Dynamic_War_Manager.Source.Logic.Air_Resources_Assigner - ERROR - get_aircraft_mission - Aircraft 'Tu-142' / loadout 'Maritime Strike': still exceeds max_missions (3 > 2) after target reduction.
2026-03-17 12:32:17,748 - Dynamic_War_Manager.Source.Logic.Air_Resources_Assigner - INFO - get_aircraft_mission - Aircraft 'Su-30' / loadout 'Anti-Ship': does not meet mission performance requirements.
2026-03-17 12:32:17,750 - Dynamic_War_Manager.Source.Logic.Air_Resources_Assigner - INFO - get_aircraft_mission - Aircraft 'Su-30' / loadout 'Anti-Ship': does not meet mission performance requirements.
2026-03-17 12:32:17,752 - Dynamic_War_Manager.Source.Logic.Air_Resources_Assigner - INFO - get_aircraft_mission - Aircraft 'Su-30' / loadout 'Anti-Ship': does not meet mission performance requirements.
2026-03-17 12:32:17,753 - Dynamic_War_Manager.Source.Logic.Air_Resources_Assigner - INFO - get_aircraft_mission - Aircraft 'Su-30' / loadout 'Anti-Ship': does not meet mission performance requirements.
2026-03-17 12:32:17,755 - Dynamic_War_Manager.Source.Logic.Air_Resources_Assigner - INFO - get_aircraft_mission - Aircraft 'Su-30' / loadout 'Anti-Ship': does not meet mission performance requirements.
2026-03-17 12:32:17,757 - Dynamic_War_Manager.Source.Logic.Air_Resources_Assigner - INFO - get_aircraft_mission - Aircraft 'Su-30' / loadout 'Anti-Ship': does not meet mission performance requirements.
2026-03-17 12:32:17,759 - Dynamic_War_Manager.Source.Logic.Air_Resources_Assigner - INFO - get_aircraft_mission - Aircraft 'Su-30' / loadout 'Anti-Ship': does not meet mission performance requirements.
2026-03-17 12:32:17,761 - Dynamic_War_Manager.Source.Logic.Air_Resources_Assigner - INFO - get_aircraft_mission - Aircraft 'Su-30' / loadout 'Anti-Ship': does not meet mission performance requirements.
2026-03-17 12:32:17,763 - Dynamic_War_Manager.Source.Logic.Air_Resources_Assigner - INFO - get_aircraft_mission - Aircraft 'Su-30' / loadout 'Anti-Ship': does not meet mission performance requirements.
2026-03-17 12:32:17,765 - Dynamic_War_Manager.Source.Logic.Air_Resources_Assigner - INFO - get_aircraft_mission - Aircraft 'Su-30' / loadout 'Anti-Ship': does not meet mission performance requirements.
