2026-01-08 08:49:14,522 - Code.Dynamic_War_Manager.Source.Asset.Vehicle - WARNING - set_combat_power - self.category not defined: Unable to [ground].keys: {}
2026-01-08 08:49:14,525 - Code.Dynamic_War_Manager.Source.Asset.Vehicle - WARNING - set_combat_power - self.category not defined: Unable to [ground].keys: {}
2026-01-08 08:49:14,529 - Code.Dynamic_War_Manager.Source.Asset.Vehicle - WARNING - set_combat_power - self.category not defined: Unable to [ground].keys: {}
2026-01-08 09:38:01,188 - Code.Dynamic_War_Manager.Source.Asset.Vehicle - WARNING - set_combat_power - self.category not defined: Unable to [ground].keys: combat_power
2026-01-08 09:38:01,192 - Code.Dynamic_War_Manager.Source.Asset.Vehicle - WARNING - set_combat_power - self.category not defined: Unable to [ground].keys: combat_power
2026-01-08 09:38:01,197 - Code.Dynamic_War_Manager.Source.Asset.Vehicle - WARNING - set_combat_power - self.category not defined: Unable to [ground].keys: combat_power
2026-01-08 09:41:28,470 - Code.Dynamic_War_Manager.Source.Asset.Vehicle - WARNING - set_combat_power - self.category not defined: Unable to [ground].keys: combat_power
2026-01-08 10:26:06,820 - Code.Dynamic_War_Manager.Source.Asset.Vehicle - WARNING - set_combat_power - self.category not defined: Unable to set [ground].keys: combat_power
2026-01-08 10:26:15,160 - Code.Dynamic_War_Manager.Source.Asset.Vehicle - WARNING - set_combat_power - self.category not defined: Unable to set [ground].keys: combat_power
2026-01-08 10:26:22,075 - Code.Dynamic_War_Manager.Source.Asset.Vehicle - WARNING - set_combat_power - self.category not defined: Unable to set [ground].keys: combat_power
2026-01-08 10:26:34,360 - Code.Dynamic_War_Manager.Source.Asset.Vehicle - WARNING - set_combat_power - self.category not defined: Unable to set [ground].keys: combat_power
2026-01-08 10:27:43,184 - Code.Dynamic_War_Manager.Source.Asset.Vehicle - WARNING - set_combat_power - self.category not defined: Unable to set [ground].keys: combat_power
2026-01-08 10:27:43,184 - Code.Dynamic_War_Manager.Source.Asset.Vehicle - WARNING - set_combat_power - self.category not defined: Unable to set [ground].keys: combat_power
2026-01-08 10:27:43,184 - Code.Dynamic_War_Manager.Source.Asset.Vehicle - WARNING - set_combat_power - self.category not defined: Unable to set [ground].keys: combat_power
2026-01-08 10:27:43,184 - Code.Dynamic_War_Manager.Source.Asset.Vehicle - WARNING - set_combat_power - self.category not defined: Unable to set [ground].keys: combat_power
2026-01-08 10:27:43,185 - Code.Dynamic_War_Manager.Source.Asset.Vehicle - WARNING - set_combat_power - self.category not defined: Unable to set [ground].keys: combat_power
2026-01-08 10:27:43,186 - Code.Dynamic_War_Manager.Source.Asset.Vehicle - WARNING - set_combat_power - self.category not defined: Unable to set [ground].keys: combat_power
2026-01-08 10:27:43,186 - Code.Dynamic_War_Manager.Source.Asset.Vehicle - WARNING - set_combat_power - self.category not defined: Unable to set [ground].keys: combat_power
2026-01-08 10:27:43,186 - Code.Dynamic_War_Manager.Source.Asset.Vehicle - WARNING - set_combat_power - self.category not defined: Unable to set [ground].keys: combat_power
2026-01-08 10:27:43,190 - Code.Dynamic_War_Manager.Source.Asset.Vehicle - WARNING - set_combat_power - self.category not defined: Unable to set [ground].keys: combat_power
2026-01-08 10:27:43,190 - Code.Dynamic_War_Manager.Source.Asset.Vehicle - WARNING - set_combat_power - self.category not defined: Unable to set [ground].keys: combat_power
2026-01-08 10:27:43,190 - Code.Dynamic_War_Manager.Source.Asset.Vehicle - WARNING - set_combat_power - self.category not defined: Unable to set [ground].keys: combat_power
2026-01-08 10:27:43,190 - Code.Dynamic_War_Manager.Source.Asset.Vehicle - WARNING - set_combat_power - self.category not defined: Unable to set [ground].keys: combat_power
2026-01-08 10:28:12,406 - Code.Dynamic_War_Manager.Source.Asset.Vehicle - WARNING - set_combat_power - self.category not defined: Unable to set [ground].keys: combat_power
2026-01-08 10:28:12,406 - Code.Dynamic_War_Manager.Source.Asset.Vehicle - WARNING - set_combat_power - self.category not defined: Unable to set [ground].keys: combat_power
2026-01-08 10:28:12,406 - Code.Dynamic_War_Manager.Source.Asset.Vehicle - WARNING - set_combat_power - self.category not defined: Unable to set [ground].keys: combat_power
2026-01-08 10:28:12,406 - Code.Dynamic_War_Manager.Source.Asset.Vehicle - WARNING - set_combat_power - self.category not defined: Unable to set [ground].keys: combat_power
2026-01-08 10:28:12,408 - Code.Dynamic_War_Manager.Source.Asset.Vehicle - WARNING - set_combat_power - self.category not defined: Unable to set [ground].keys: combat_power
2026-01-08 10:28:12,408 - Code.Dynamic_War_Manager.Source.Asset.Vehicle - WARNING - set_combat_power - self.category not defined: Unable to set [ground].keys: combat_power
2026-01-08 10:28:12,408 - Code.Dynamic_War_Manager.Source.Asset.Vehicle - WARNING - set_combat_power - self.category not defined: Unable to set [ground].keys: combat_power
2026-01-08 10:28:12,408 - Code.Dynamic_War_Manager.Source.Asset.Vehicle - WARNING - set_combat_power - self.category not defined: Unable to set [ground].keys: combat_power
2026-01-08 10:28:12,414 - Code.Dynamic_War_Manager.Source.Asset.Vehicle - WARNING - set_combat_power - self.category not defined: Unable to set [ground].keys: combat_power
2026-01-08 10:28:12,414 - Code.Dynamic_War_Manager.Source.Asset.Vehicle - WARNING - set_combat_power - self.category not defined: Unable to set [ground].keys: combat_power
2026-01-08 10:28:12,414 - Code.Dynamic_War_Manager.Source.Asset.Vehicle - WARNING - set_combat_power - self.category not defined: Unable to set [ground].keys: combat_power
2026-01-08 10:28:12,414 - Code.Dynamic_War_Manager.Source.Asset.Vehicle - WARNING - set_combat_power - self.category not defined: Unable to set [ground].keys: combat_power
2026-01-08 10:37:49,982 - Code.Dynamic_War_Manager.Source.Asset.Vehicle - WARNING - set_combat_power - self.category not defined: Unable to set [ground].keys: combat_power
2026-01-08 10:37:49,982 - Code.Dynamic_War_Manager.Source.Asset.Vehicle - WARNING - set_combat_power - self.category not defined: Unable to set [ground].keys: combat_power
2026-01-08 10:37:49,982 - Code.Dynamic_War_Manager.Source.Asset.Vehicle - WARNING - set_combat_power - self.category not defined: Unable to set [ground].keys: combat_power
2026-01-08 10:37:49,982 - Code.Dynamic_War_Manager.Source.Asset.Vehicle - WARNING - set_combat_power - self.category not defined: Unable to set [ground].keys: combat_power
2026-01-08 10:39:17,598 - Code.Dynamic_War_Manager.Source.Asset.Vehicle - WARNING - set_combat_power - self.category not defined: Unable to set [ground].keys: combat_power
2026-01-08 10:39:17,598 - Code.Dynamic_War_Manager.Source.Asset.Vehicle - WARNING - set_combat_power - self.category not defined: Unable to set [ground].keys: combat_power
2026-01-08 10:39:17,598 - Code.Dynamic_War_Manager.Source.Asset.Vehicle - WARNING - set_combat_power - self.category not defined: Unable to set [ground].keys: combat_power
2026-01-08 10:39:17,598 - Code.Dynamic_War_Manager.Source.Asset.Vehicle - WARNING - set_combat_power - self.category not defined: Unable to set [ground].keys: combat_power
2026-01-08 11:09:00,151 - Code.Dynamic_War_Manager.Source.Asset.Vehicle - WARNING - set_combat_power - self.category not defined: Unable to set [ground].keys: combat_power
2026-01-08 11:09:00,151 - Code.Dynamic_War_Manager.Source.Asset.Vehicle - WARNING - set_combat_power - self.category not defined: Unable to set [ground].keys: combat_power
2026-01-08 11:09:00,151 - Code.Dynamic_War_Manager.Source.Asset.Vehicle - WARNING - set_combat_power - self.category not defined: Unable to set [ground].keys: combat_power
2026-01-08 11:09:00,151 - Code.Dynamic_War_Manager.Source.Asset.Vehicle - WARNING - set_combat_power - self.category not defined: Unable to set [ground].keys: combat_power
2026-01-08 11:09:20,720 - Code.Dynamic_War_Manager.Source.Asset.Vehicle - WARNING - set_combat_power - self.category not defined: Unable to set [ground].keys: combat_power
2026-01-08 11:09:20,721 - Code.Dynamic_War_Manager.Source.Asset.Vehicle - WARNING - set_combat_power - self.category not defined: Unable to set [ground].keys: combat_power
2026-01-08 11:09:20,721 - Code.Dynamic_War_Manager.Source.Asset.Vehicle - WARNING - set_combat_power - self.category not defined: Unable to set [ground].keys: combat_power
2026-01-08 11:09:20,721 - Code.Dynamic_War_Manager.Source.Asset.Vehicle - WARNING - set_combat_power - self.category not defined: Unable to set [ground].keys: combat_power
2026-01-08 11:10:14,396 - Code.Dynamic_War_Manager.Source.Asset.Vehicle - WARNING - set_combat_power - self.category not defined: Unable to set [ground].keys: combat_power
2026-01-08 11:10:14,396 - Code.Dynamic_War_Manager.Source.Asset.Vehicle - WARNING - set_combat_power - self.category not defined: Unable to set [ground].keys: combat_power
2026-01-08 11:10:14,396 - Code.Dynamic_War_Manager.Source.Asset.Vehicle - WARNING - set_combat_power - self.category not defined: Unable to set [ground].keys: combat_power
2026-01-08 11:10:14,396 - Code.Dynamic_War_Manager.Source.Asset.Vehicle - WARNING - set_combat_power - self.category not defined: Unable to set [ground].keys: combat_power
2026-01-08 11:23:43,646 - Code.Dynamic_War_Manager.Source.Asset.Vehicle - WARNING - set_combat_power - self.category not defined: Unable to set [ground].keys: combat_power
2026-01-08 11:23:43,646 - Code.Dynamic_War_Manager.Source.Asset.Vehicle - WARNING - set_combat_power - self.category not defined: Unable to set [ground].keys: combat_power
2026-01-08 11:23:43,646 - Code.Dynamic_War_Manager.Source.Asset.Vehicle - WARNING - set_combat_power - self.category not defined: Unable to set [ground].keys: combat_power
2026-01-08 11:23:43,646 - Code.Dynamic_War_Manager.Source.Asset.Vehicle - WARNING - set_combat_power - self.category not defined: Unable to set [ground].keys: combat_power
2026-01-08 11:23:43,649 - Code.Dynamic_War_Manager.Source.Asset.Vehicle - WARNING - set_combat_power - self.category not defined: Unable to set [ground].keys: combat_power
2026-01-08 11:23:43,649 - Code.Dynamic_War_Manager.Source.Asset.Vehicle - WARNING - set_combat_power - self.category not defined: Unable to set [ground].keys: combat_power
2026-01-08 11:23:43,649 - Code.Dynamic_War_Manager.Source.Asset.Vehicle - WARNING - set_combat_power - self.category not defined: Unable to set [ground].keys: combat_power
2026-01-08 11:23:43,649 - Code.Dynamic_War_Manager.Source.Asset.Vehicle - WARNING - set_combat_power - self.category not defined: Unable to set [ground].keys: combat_power
2026-01-08 11:23:43,654 - Code.Dynamic_War_Manager.Source.Asset.Vehicle - WARNING - set_combat_power - self.category not defined: Unable to set [ground].keys: combat_power
2026-01-08 11:23:43,654 - Code.Dynamic_War_Manager.Source.Asset.Vehicle - WARNING - set_combat_power - self.category not defined: Unable to set [ground].keys: combat_power
2026-01-08 11:23:43,654 - Code.Dynamic_War_Manager.Source.Asset.Vehicle - WARNING - set_combat_power - self.category not defined: Unable to set [ground].keys: combat_power
2026-01-08 11:23:43,654 - Code.Dynamic_War_Manager.Source.Asset.Vehicle - WARNING - set_combat_power - self.category not defined: Unable to set [ground].keys: combat_power
2026-01-08 11:33:28,840 - Code.Dynamic_War_Manager.Source.Asset.Vehicle - WARNING - set_combat_power - self.category not defined: Unable to set [ground].keys: combat_power
2026-01-08 11:33:28,840 - Code.Dynamic_War_Manager.Source.Asset.Vehicle - WARNING - set_combat_power - self.category not defined: Unable to set [ground].keys: combat_power
2026-01-08 11:33:28,840 - Code.Dynamic_War_Manager.Source.Asset.Vehicle - WARNING - set_combat_power - self.category not defined: Unable to set [ground].keys: combat_power
2026-01-08 11:33:28,840 - Code.Dynamic_War_Manager.Source.Asset.Vehicle - WARNING - set_combat_power - self.category not defined: Unable to set [ground].keys: combat_power
2026-01-08 11:33:28,842 - Code.Dynamic_War_Manager.Source.Asset.Vehicle - WARNING - set_combat_power - self.category not defined: Unable to set [ground].keys: combat_power
2026-01-08 11:33:28,842 - Code.Dynamic_War_Manager.Source.Asset.Vehicle - WARNING - set_combat_power - self.category not defined: Unable to set [ground].keys: combat_power
2026-01-08 11:33:28,842 - Code.Dynamic_War_Manager.Source.Asset.Vehicle - WARNING - set_combat_power - self.category not defined: Unable to set [ground].keys: combat_power
2026-01-08 11:33:28,842 - Code.Dynamic_War_Manager.Source.Asset.Vehicle - WARNING - set_combat_power - self.category not defined: Unable to set [ground].keys: combat_power
2026-01-08 11:33:28,847 - Code.Dynamic_War_Manager.Source.Asset.Vehicle - WARNING - set_combat_power - self.category not defined: Unable to set [ground].keys: combat_power
2026-01-08 11:33:28,847 - Code.Dynamic_War_Manager.Source.Asset.Vehicle - WARNING - set_combat_power - self.category not defined: Unable to set [ground].keys: combat_power
2026-01-08 11:33:28,847 - Code.Dynamic_War_Manager.Source.Asset.Vehicle - WARNING - set_combat_power - self.category not defined: Unable to set [ground].keys: combat_power
2026-01-08 11:33:28,847 - Code.Dynamic_War_Manager.Source.Asset.Vehicle - WARNING - set_combat_power - self.category not defined: Unable to set [ground].keys: combat_power
2026-01-08 11:35:00,644 - Code.Dynamic_War_Manager.Source.Asset.Vehicle - WARNING - set_combat_power - self.category not defined: Unable to set [ground].keys: combat_power
2026-01-08 11:35:00,644 - Code.Dynamic_War_Manager.Source.Asset.Vehicle - WARNING - set_combat_power - self.category not defined: Unable to set [ground].keys: combat_power
2026-01-08 11:35:00,644 - Code.Dynamic_War_Manager.Source.Asset.Vehicle - WARNING - set_combat_power - self.category not defined: Unable to set [ground].keys: combat_power
2026-01-08 11:35:00,644 - Code.Dynamic_War_Manager.Source.Asset.Vehicle - WARNING - set_combat_power - self.category not defined: Unable to set [ground].keys: combat_power
2026-01-08 11:35:00,648 - Code.Dynamic_War_Manager.Source.Asset.Vehicle - WARNING - set_combat_power - self.category not defined: Unable to set [ground].keys: combat_power
2026-01-08 11:35:00,648 - Code.Dynamic_War_Manager.Source.Asset.Vehicle - WARNING - set_combat_power - self.category not defined: Unable to set [ground].keys: combat_power
2026-01-08 11:35:00,648 - Code.Dynamic_War_Manager.Source.Asset.Vehicle - WARNING - set_combat_power - self.category not defined: Unable to set [ground].keys: combat_power
2026-01-08 11:35:00,648 - Code.Dynamic_War_Manager.Source.Asset.Vehicle - WARNING - set_combat_power - self.category not defined: Unable to set [ground].keys: combat_power
2026-01-08 11:41:45,243 - Code.Dynamic_War_Manager.Source.Asset.Vehicle - WARNING - set_combat_power - self.category not defined: Unable to set [ground].keys: combat_power
2026-01-08 11:41:45,243 - Code.Dynamic_War_Manager.Source.Asset.Vehicle - WARNING - set_combat_power - self.category not defined: Unable to set [ground].keys: combat_power
2026-01-08 11:41:45,243 - Code.Dynamic_War_Manager.Source.Asset.Vehicle - WARNING - set_combat_power - self.category not defined: Unable to set [ground].keys: combat_power
2026-01-08 11:41:45,244 - Code.Dynamic_War_Manager.Source.Asset.Vehicle - WARNING - set_combat_power - self.category not defined: Unable to set [ground].keys: combat_power
2026-01-08 12:16:29,945 - Code.Dynamic_War_Manager.Source.Asset.Vehicle - WARNING - set_combat_power - self.category not defined: Unable to set [ground].keys: combat_power
2026-01-08 12:16:29,945 - Code.Dynamic_War_Manager.Source.Asset.Vehicle - WARNING - set_combat_power - self.category not defined: Unable to set [ground].keys: combat_power
2026-01-08 12:16:29,945 - Code.Dynamic_War_Manager.Source.Asset.Vehicle - WARNING - set_combat_power - self.category not defined: Unable to set [ground].keys: combat_power
2026-01-08 12:16:29,945 - Code.Dynamic_War_Manager.Source.Asset.Vehicle - WARNING - set_combat_power - self.category not defined: Unable to set [ground].keys: combat_power
2026-01-08 12:16:29,947 - Code.Dynamic_War_Manager.Source.Asset.Vehicle - WARNING - set_combat_power - self.category not defined: Unable to set [ground].keys: combat_power
2026-01-08 12:16:29,947 - Code.Dynamic_War_Manager.Source.Asset.Vehicle - WARNING - set_combat_power - self.category not defined: Unable to set [ground].keys: combat_power
2026-01-08 12:16:29,947 - Code.Dynamic_War_Manager.Source.Asset.Vehicle - WARNING - set_combat_power - self.category not defined: Unable to set [ground].keys: combat_power
2026-01-08 12:16:29,947 - Code.Dynamic_War_Manager.Source.Asset.Vehicle - WARNING - set_combat_power - self.category not defined: Unable to set [ground].keys: combat_power
2026-01-08 12:16:29,949 - Code.Dynamic_War_Manager.Source.Asset.Vehicle - WARNING - checkParam - category (Tank) not found in BLOCK_ASSET_CATEGORY
2026-01-08 12:16:29,956 - Code.Dynamic_War_Manager.Source.Asset.Vehicle - WARNING - set_combat_power - self.category not defined: Unable to set [ground].keys: combat_power
2026-01-08 12:16:29,956 - Code.Dynamic_War_Manager.Source.Asset.Vehicle - WARNING - set_combat_power - self.category not defined: Unable to set [ground].keys: combat_power
2026-01-08 12:16:29,956 - Code.Dynamic_War_Manager.Source.Asset.Vehicle - WARNING - set_combat_power - self.category not defined: Unable to set [ground].keys: combat_power
2026-01-08 12:16:29,956 - Code.Dynamic_War_Manager.Source.Asset.Vehicle - WARNING - set_combat_power - self.category not defined: Unable to set [ground].keys: combat_power
2026-01-08 12:16:29,958 - Code.Dynamic_War_Manager.Source.Asset.Vehicle - DEBUG - set_combat_power - Category 'Unknown' not found in GROUND_COMBAT_EFFICACY for action 'Attack'. Setting combat_power to 0.
2026-01-08 12:16:29,960 - Code.Dynamic_War_Manager.Source.Asset.Vehicle - DEBUG - set_combat_power - Category 'Road' not found in GROUND_COMBAT_EFFICACY for action 'Attack'. Setting combat_power to 0.
2026-01-08 12:16:29,964 - Code.Dynamic_War_Manager.Source.Asset.Vehicle - DEBUG - set_combat_power - Category 'AAA' not found in GROUND_COMBAT_EFFICACY for action 'Attack'. Setting combat_power to 0.
2026-01-08 12:16:29,966 - Code.Dynamic_War_Manager.Source.Asset.Vehicle - DEBUG - set_combat_power - Category 'SAM_Med' not found in GROUND_COMBAT_EFFICACY for action 'Attack'. Setting combat_power to 0.
2026-01-08 12:16:29,973 - Code.Dynamic_War_Manager.Source.Asset.Vehicle - DEBUG - set_combat_power - Category 'Command_&_Control' not found in GROUND_COMBAT_EFFICACY for action 'Attack'. Setting combat_power to 0.
2026-01-08 12:16:29,975 - Code.Dynamic_War_Manager.Source.Asset.Vehicle - DEBUG - set_combat_power - Category 'EWR' not found in GROUND_COMBAT_EFFICACY for action 'Attack'. Setting combat_power to 0.
2026-01-08 12:16:29,978 - Code.Dynamic_War_Manager.Source.Asset.Vehicle - DEBUG - set_combat_power - Category 'SAM_Big' not found in GROUND_COMBAT_EFFICACY for action 'Attack'. Setting combat_power to 0.
2026-01-08 12:16:29,980 - Code.Dynamic_War_Manager.Source.Asset.Vehicle - DEBUG - set_combat_power - Category 'SAM_Big' not found in GROUND_COMBAT_EFFICACY for action 'Attack'. Setting combat_power to 0.
2026-01-08 12:16:29,981 - Code.Dynamic_War_Manager.Source.Asset.Vehicle - DEBUG - set_combat_power - Category 'SAM_Med' not found in GROUND_COMBAT_EFFICACY for action 'Attack'. Setting combat_power to 0.
2026-01-08 12:16:29,983 - Code.Dynamic_War_Manager.Source.Asset.Vehicle - DEBUG - set_combat_power - Category 'SAM_Small' not found in GROUND_COMBAT_EFFICACY for action 'Attack'. Setting combat_power to 0.
2026-01-08 12:29:35,931 - Code.Dynamic_War_Manager.Source.Asset.Vehicle - WARNING - set_combat_power - self.category not defined: Unable to set [ground].keys: combat_power
2026-01-08 12:29:35,931 - Code.Dynamic_War_Manager.Source.Asset.Vehicle - WARNING - set_combat_power - self.category not defined: Unable to set [ground].keys: combat_power
2026-01-08 12:29:35,931 - Code.Dynamic_War_Manager.Source.Asset.Vehicle - WARNING - set_combat_power - self.category not defined: Unable to set [ground].keys: combat_power
2026-01-08 12:29:35,931 - Code.Dynamic_War_Manager.Source.Asset.Vehicle - WARNING - set_combat_power - self.category not defined: Unable to set [ground].keys: combat_power
2026-01-08 12:29:35,932 - Code.Dynamic_War_Manager.Source.Asset.Vehicle - WARNING - set_combat_power - self.category not defined: Unable to set [ground].keys: combat_power
2026-01-08 12:29:35,933 - Code.Dynamic_War_Manager.Source.Asset.Vehicle - WARNING - set_combat_power - self.category not defined: Unable to set [ground].keys: combat_power
2026-01-08 12:29:35,933 - Code.Dynamic_War_Manager.Source.Asset.Vehicle - WARNING - set_combat_power - self.category not defined: Unable to set [ground].keys: combat_power
2026-01-08 12:29:35,933 - Code.Dynamic_War_Manager.Source.Asset.Vehicle - WARNING - set_combat_power - self.category not defined: Unable to set [ground].keys: combat_power
2026-01-08 12:29:35,934 - Code.Dynamic_War_Manager.Source.Asset.Vehicle - WARNING - checkParam - category (Tank) not found in BLOCK_ASSET_CATEGORY
2026-01-08 12:29:35,939 - Code.Dynamic_War_Manager.Source.Asset.Vehicle - WARNING - set_combat_power - self.category not defined: Unable to set [ground].keys: combat_power
2026-01-08 12:29:35,939 - Code.Dynamic_War_Manager.Source.Asset.Vehicle - WARNING - set_combat_power - self.category not defined: Unable to set [ground].keys: combat_power
2026-01-08 12:29:35,939 - Code.Dynamic_War_Manager.Source.Asset.Vehicle - WARNING - set_combat_power - self.category not defined: Unable to set [ground].keys: combat_power
2026-01-08 12:29:35,939 - Code.Dynamic_War_Manager.Source.Asset.Vehicle - WARNING - set_combat_power - self.category not defined: Unable to set [ground].keys: combat_power
2026-01-08 12:29:35,941 - Code.Dynamic_War_Manager.Source.Asset.Vehicle - DEBUG - set_combat_power - Category 'Unknown' not found in GROUND_COMBAT_EFFICACY for action 'Attack'. Setting combat_power to 0.
2026-01-08 12:29:35,943 - Code.Dynamic_War_Manager.Source.Asset.Vehicle - DEBUG - set_combat_power - Category 'Road' not found in GROUND_COMBAT_EFFICACY for action 'Attack'. Setting combat_power to 0.
2026-01-08 12:29:35,947 - Code.Dynamic_War_Manager.Source.Asset.Vehicle - DEBUG - set_combat_power - Category 'AAA' not found in GROUND_COMBAT_EFFICACY for action 'Attack'. Setting combat_power to 0.
2026-01-08 12:29:35,949 - Code.Dynamic_War_Manager.Source.Asset.Vehicle - DEBUG - set_combat_power - Category 'SAM_Med' not found in GROUND_COMBAT_EFFICACY for action 'Attack'. Setting combat_power to 0.
2026-01-08 12:29:35,956 - Code.Dynamic_War_Manager.Source.Asset.Vehicle - DEBUG - set_combat_power - Category 'Command_&_Control' not found in GROUND_COMBAT_EFFICACY for action 'Attack'. Setting combat_power to 0.
2026-01-08 12:29:35,958 - Code.Dynamic_War_Manager.Source.Asset.Vehicle - DEBUG - set_combat_power - Category 'EWR' not found in GROUND_COMBAT_EFFICACY for action 'Attack'. Setting combat_power to 0.
2026-01-08 12:29:35,961 - Code.Dynamic_War_Manager.Source.Asset.Vehicle - DEBUG - set_combat_power - Category 'SAM_Big' not found in GROUND_COMBAT_EFFICACY for action 'Attack'. Setting combat_power to 0.
2026-01-08 12:29:35,963 - Code.Dynamic_War_Manager.Source.Asset.Vehicle - DEBUG - set_combat_power - Category 'SAM_Big' not found in GROUND_COMBAT_EFFICACY for action 'Attack'. Setting combat_power to 0.
2026-01-08 12:29:35,964 - Code.Dynamic_War_Manager.Source.Asset.Vehicle - DEBUG - set_combat_power - Category 'SAM_Med' not found in GROUND_COMBAT_EFFICACY for action 'Attack'. Setting combat_power to 0.
2026-01-08 12:29:35,966 - Code.Dynamic_War_Manager.Source.Asset.Vehicle - DEBUG - set_combat_power - Category 'SAM_Small' not found in GROUND_COMBAT_EFFICACY for action 'Attack'. Setting combat_power to 0.
